{"C:\\work-files\\simple-state-management\\src\\applyMiddleware.ts": {"path":"C:\\work-files\\simple-state-management\\src\\applyMiddleware.ts","statementMap":{"0":{"start":{"line":1,"column":0},"end":{"line":1,"column":39}},"1":{"start":{"line":3,"column":0},"end":{"line":3,"column":38}},"2":{"start":{"line":4,"column":0},"end":{"line":4,"column":38}},"3":{"start":{"line":7,"column":4},"end":{"line":38,"column":6}},"4":{"start":{"line":8,"column":18},"end":{"line":8,"column":26}},"5":{"start":{"line":9,"column":26},"end":{"line":9,"column":28}},"6":{"start":{"line":10,"column":8},"end":{"line":27,"column":null}},"7":{"start":{"line":11,"column":12},"end":{"line":26,"column":null}},"8":{"start":{"line":13,"column":25},"end":{"line":13,"column":40}},"9":{"start":{"line":14,"column":16},"end":{"line":16,"column":null}},"10":{"start":{"line":15,"column":20},"end":{"line":15,"column":30}},"11":{"start":{"line":17,"column":16},"end":{"line":17,"column":45}},"12":{"start":{"line":18,"column":16},"end":{"line":25,"column":null}},"13":{"start":{"line":22,"column":20},"end":{"line":24,"column":22}},"14":{"start":{"line":29,"column":8},"end":{"line":36,"column":10}},"15":{"start":{"line":30,"column":22},"end":{"line":30,"column":68}},"16":{"start":{"line":31,"column":24},"end":{"line":31,"column":35}},"17":{"start":{"line":32,"column":12},"end":{"line":34,"column":null}},"18":{"start":{"line":33,"column":16},"end":{"line":33,"column":47}},"19":{"start":{"line":35,"column":12},"end":{"line":35,"column":41}},"20":{"start":{"line":37,"column":8},"end":{"line":37,"column":24}},"21":{"start":{"line":6,"column":0},"end":{"line":6,"column":24}}},"fnMap":{"0":{"name":"applyMiddleware","decl":{"start":{"line":6,"column":24},"end":{"line":6,"column":39}},"loc":{"start":{"line":6,"column":68},"end":{"line":39,"column":1}}},"1":{"name":"(anonymous_2)","decl":{"start":{"line":7,"column":11},"end":{"line":7,"column":21}},"loc":{"start":{"line":7,"column":45},"end":{"line":38,"column":5}}},"2":{"name":"(anonymous_3)","decl":{"start":{"line":29,"column":19},"end":{"line":29,"column":20}},"loc":{"start":{"line":29,"column":54},"end":{"line":36,"column":9}}}},"branchMap":{"0":{"loc":{"start":{"line":11,"column":12},"end":{"line":26,"column":null}},"type":"if","locations":[{"start":{"line":11,"column":12},"end":{"line":26,"column":null}},{"start":{"line":11,"column":12},"end":{"line":26,"column":null}}]},"1":{"loc":{"start":{"line":14,"column":16},"end":{"line":16,"column":null}},"type":"if","locations":[{"start":{"line":14,"column":16},"end":{"line":16,"column":null}},{"start":{"line":14,"column":16},"end":{"line":16,"column":null}}]},"2":{"loc":{"start":{"line":18,"column":16},"end":{"line":25,"column":null}},"type":"if","locations":[{"start":{"line":18,"column":16},"end":{"line":25,"column":null}},{"start":{"line":18,"column":16},"end":{"line":25,"column":null}}]},"3":{"loc":{"start":{"line":19,"column":20},"end":{"line":19,"column":57}},"type":"binary-expr","locations":[{"start":{"line":19,"column":20},"end":{"line":19,"column":57}},{"start":{"line":20,"column":20},"end":{"line":20,"column":53}}]},"4":{"loc":{"start":{"line":30,"column":22},"end":{"line":30,"column":30}},"type":"binary-expr","locations":[{"start":{"line":30,"column":22},"end":{"line":30,"column":30}},{"start":{"line":30,"column":35},"end":{"line":30,"column":68}}]},"5":{"loc":{"start":{"line":32,"column":12},"end":{"line":34,"column":null}},"type":"if","locations":[{"start":{"line":32,"column":12},"end":{"line":34,"column":null}},{"start":{"line":32,"column":12},"end":{"line":34,"column":null}}]},"6":{"loc":{"start":{"line":32,"column":16},"end":{"line":32,"column":21}},"type":"binary-expr","locations":[{"start":{"line":32,"column":16},"end":{"line":32,"column":21}},{"start":{"line":32,"column":25},"end":{"line":32,"column":52}}]}},"s":{"0":2,"1":2,"2":2,"3":4,"4":4,"5":4,"6":4,"7":4,"8":4,"9":4,"10":2,"11":4,"12":4,"13":3,"14":4,"15":4,"16":4,"17":4,"18":2,"19":2,"20":4,"21":2},"f":{"0":4,"1":4,"2":4},"b":{"0":[4,0],"1":[2,2],"2":[3,1],"3":[4,4],"4":[4,2],"5":[2,2],"6":[4,3]}}
,"C:\\work-files\\simple-state-management\\src\\createReduce.ts": {"path":"C:\\work-files\\simple-state-management\\src\\createReduce.ts","statementMap":{"0":{"start":{"line":1,"column":0},"end":{"line":1,"column":39}},"1":{"start":{"line":3,"column":0},"end":{"line":3,"column":38}},"2":{"start":{"line":6,"column":24},"end":{"line":6,"column":33}},"3":{"start":{"line":26,"column":38},"end":{"line":26,"column":48}},"4":{"start":{"line":28,"column":8},"end":{"line":30,"column":null}},"5":{"start":{"line":29,"column":12},"end":{"line":29,"column":53}},"6":{"start":{"line":32,"column":8},"end":{"line":34,"column":null}},"7":{"start":{"line":33,"column":12},"end":{"line":33,"column":56}},"8":{"start":{"line":36,"column":8},"end":{"line":45,"column":null}},"9":{"start":{"line":37,"column":12},"end":{"line":43,"column":null}},"10":{"start":{"line":38,"column":16},"end":{"line":42,"column":null}},"11":{"start":{"line":39,"column":30},"end":{"line":39,"column":45}},"12":{"start":{"line":40,"column":20},"end":{"line":40,"column":39}},"13":{"start":{"line":41,"column":20},"end":{"line":41,"column":39}},"14":{"start":{"line":44,"column":12},"end":{"line":44,"column":19}},"15":{"start":{"line":47,"column":8},"end":{"line":49,"column":10}},"16":{"start":{"line":52,"column":25},"end":{"line":52,"column":45}},"17":{"start":{"line":53,"column":12},"end":{"line":59,"column":null}},"18":{"start":{"line":54,"column":16},"end":{"line":58,"column":18}},"19":{"start":{"line":60,"column":12},"end":{"line":76,"column":null}},"20":{"start":{"line":61,"column":24},"end":{"line":61,"column":26}},"21":{"start":{"line":62,"column":16},"end":{"line":74,"column":null}},"22":{"start":{"line":62,"column":29},"end":{"line":62,"column":30}},"23":{"start":{"line":63,"column":30},"end":{"line":63,"column":47}},"24":{"start":{"line":64,"column":20},"end":{"line":72,"column":null}},"25":{"start":{"line":65,"column":36},"end":{"line":65,"column":48}},"26":{"start":{"line":66,"column":24},"end":{"line":71,"column":null}},"27":{"start":{"line":67,"column":28},"end":{"line":70,"column":30}},"28":{"start":{"line":73,"column":20},"end":{"line":73,"column":30}},"29":{"start":{"line":75,"column":16},"end":{"line":75,"column":35}},"30":{"start":{"line":77,"column":12},"end":{"line":77,"column":49}},"31":{"start":{"line":80,"column":4},"end":{"line":80,"column":42}},"32":{"start":{"line":5,"column":0},"end":{"line":5,"column":24}}},"fnMap":{"0":{"name":"createReducerFun","decl":{"start":{"line":5,"column":24},"end":{"line":5,"column":40}},"loc":{"start":{"line":5,"column":40},"end":{"line":81,"column":1}}},"1":{"name":"createReducer","decl":{"start":{"line":15,"column":13},"end":{"line":15,"column":26}},"loc":{"start":{"line":20,"column":20},"end":{"line":79,"column":5}}},"2":{"name":"setReducerMap","decl":{"start":{"line":51,"column":17},"end":{"line":51,"column":30}},"loc":{"start":{"line":51,"column":42},"end":{"line":78,"column":9}}}},"branchMap":{"0":{"loc":{"start":{"line":28,"column":8},"end":{"line":30,"column":null}},"type":"if","locations":[{"start":{"line":28,"column":8},"end":{"line":30,"column":null}},{"start":{"line":28,"column":8},"end":{"line":30,"column":null}}]},"1":{"loc":{"start":{"line":28,"column":12},"end":{"line":28,"column":43}},"type":"binary-expr","locations":[{"start":{"line":28,"column":12},"end":{"line":28,"column":43}},{"start":{"line":28,"column":47},"end":{"line":28,"column":75}}]},"2":{"loc":{"start":{"line":32,"column":8},"end":{"line":34,"column":null}},"type":"if","locations":[{"start":{"line":32,"column":8},"end":{"line":34,"column":null}},{"start":{"line":32,"column":8},"end":{"line":34,"column":null}}]},"3":{"loc":{"start":{"line":32,"column":12},"end":{"line":32,"column":44}},"type":"binary-expr","locations":[{"start":{"line":32,"column":12},"end":{"line":32,"column":44}},{"start":{"line":32,"column":48},"end":{"line":32,"column":73}}]},"4":{"loc":{"start":{"line":36,"column":8},"end":{"line":45,"column":null}},"type":"if","locations":[{"start":{"line":36,"column":8},"end":{"line":45,"column":null}},{"start":{"line":36,"column":8},"end":{"line":45,"column":null}}]},"5":{"loc":{"start":{"line":36,"column":12},"end":{"line":36,"column":42}},"type":"binary-expr","locations":[{"start":{"line":36,"column":12},"end":{"line":36,"column":42}},{"start":{"line":36,"column":46},"end":{"line":36,"column":65}}]},"6":{"loc":{"start":{"line":38,"column":16},"end":{"line":42,"column":null}},"type":"if","locations":[{"start":{"line":38,"column":16},"end":{"line":42,"column":null}},{"start":{"line":38,"column":16},"end":{"line":42,"column":null}}]},"7":{"loc":{"start":{"line":53,"column":12},"end":{"line":59,"column":null}},"type":"if","locations":[{"start":{"line":53,"column":12},"end":{"line":59,"column":null}},{"start":{"line":53,"column":12},"end":{"line":59,"column":null}}]},"8":{"loc":{"start":{"line":60,"column":12},"end":{"line":76,"column":null}},"type":"if","locations":[{"start":{"line":60,"column":12},"end":{"line":76,"column":null}},{"start":{"line":60,"column":12},"end":{"line":76,"column":null}}]},"9":{"loc":{"start":{"line":64,"column":20},"end":{"line":72,"column":null}},"type":"if","locations":[{"start":{"line":64,"column":20},"end":{"line":72,"column":null}},{"start":{"line":64,"column":20},"end":{"line":72,"column":null}}]},"10":{"loc":{"start":{"line":66,"column":24},"end":{"line":71,"column":null}},"type":"if","locations":[{"start":{"line":66,"column":24},"end":{"line":71,"column":null}},{"start":{"line":66,"column":24},"end":{"line":71,"column":null}}]}},"s":{"0":5,"1":5,"2":26,"3":26,"4":26,"5":2,"6":24,"7":18,"8":6,"9":4,"10":6,"11":6,"12":6,"13":6,"14":3,"15":2,"16":26,"17":26,"18":4,"19":22,"20":9,"21":9,"22":9,"23":10,"24":10,"25":10,"26":10,"27":1,"28":10,"29":9,"30":22,"31":26,"32":5},"f":{"0":26,"1":26,"2":26},"b":{"0":[2,24],"1":[26,2],"2":[18,6],"3":[24,8],"4":[4,2],"5":[6,5],"6":[6,0],"7":[4,22],"8":[9,13],"9":[10,0],"10":[1,9]}}
,"C:\\work-files\\simple-state-management\\src\\createStore.ts": {"path":"C:\\work-files\\simple-state-management\\src\\createStore.ts","statementMap":{"0":{"start":{"line":1,"column":0},"end":{"line":1,"column":46}},"1":{"start":{"line":2,"column":0},"end":{"line":2,"column":40}},"2":{"start":{"line":3,"column":0},"end":{"line":3,"column":31}},"3":{"start":{"line":4,"column":0},"end":{"line":4,"column":46}},"4":{"start":{"line":6,"column":0},"end":{"line":6,"column":39}},"5":{"start":{"line":8,"column":13},"end":{"line":11,"column":2}},"6":{"start":{"line":12,"column":13},"end":{"line":15,"column":2}},"7":{"start":{"line":24,"column":4},"end":{"line":26,"column":null}},"8":{"start":{"line":25,"column":8},"end":{"line":25,"column":73}},"9":{"start":{"line":27,"column":4},"end":{"line":29,"column":null}},"10":{"start":{"line":28,"column":8},"end":{"line":28,"column":51}},"11":{"start":{"line":31,"column":9},"end":{"line":31,"column":27}},"12":{"start":{"line":32,"column":14},"end":{"line":32,"column":15}},"13":{"start":{"line":33,"column":19},"end":{"line":33,"column":60}},"14":{"start":{"line":34,"column":21},"end":{"line":34,"column":23}},"15":{"start":{"line":35,"column":4},"end":{"line":47,"column":null}},"16":{"start":{"line":36,"column":8},"end":{"line":46,"column":null}},"17":{"start":{"line":37,"column":12},"end":{"line":39,"column":null}},"18":{"start":{"line":38,"column":16},"end":{"line":38,"column":33}},"19":{"start":{"line":40,"column":12},"end":{"line":44,"column":null}},"20":{"start":{"line":41,"column":16},"end":{"line":41,"column":33}},"21":{"start":{"line":42,"column":16},"end":{"line":42,"column":22}},"22":{"start":{"line":43,"column":16},"end":{"line":43,"column":22}},"23":{"start":{"line":45,"column":12},"end":{"line":45,"column":18}},"24":{"start":{"line":48,"column":4},"end":{"line":50,"column":null}},"25":{"start":{"line":49,"column":8},"end":{"line":49,"column":59}},"26":{"start":{"line":51,"column":4},"end":{"line":51,"column":39}},"27":{"start":{"line":52,"column":4},"end":{"line":52,"column":42}},"28":{"start":{"line":53,"column":4},"end":{"line":53,"column":24}},"29":{"start":{"line":55,"column":8},"end":{"line":57,"column":null}},"30":{"start":{"line":56,"column":12},"end":{"line":56,"column":71}},"31":{"start":{"line":58,"column":27},"end":{"line":58,"column":31}},"32":{"start":{"line":59,"column":8},"end":{"line":59,"column":43}},"33":{"start":{"line":60,"column":28},"end":{"line":60,"column":47}},"34":{"start":{"line":61,"column":29},"end":{"line":61,"column":51}},"35":{"start":{"line":63,"column":8},"end":{"line":68,"column":null}},"36":{"start":{"line":64,"column":12},"end":{"line":64,"column":42}},"37":{"start":{"line":66,"column":12},"end":{"line":66,"column":53}},"38":{"start":{"line":67,"column":12},"end":{"line":67,"column":52}},"39":{"start":{"line":70,"column":8},"end":{"line":82,"column":10}},"40":{"start":{"line":71,"column":12},"end":{"line":73,"column":null}},"41":{"start":{"line":72,"column":16},"end":{"line":72,"column":23}},"42":{"start":{"line":74,"column":12},"end":{"line":78,"column":null}},"43":{"start":{"line":75,"column":16},"end":{"line":77,"column":18}},"44":{"start":{"line":79,"column":12},"end":{"line":79,"column":33}},"45":{"start":{"line":80,"column":26},"end":{"line":80,"column":58}},"46":{"start":{"line":81,"column":12},"end":{"line":81,"column":44}},"47":{"start":{"line":86,"column":8},"end":{"line":86,"column":50}},"48":{"start":{"line":87,"column":27},"end":{"line":87,"column":45}},"49":{"start":{"line":88,"column":8},"end":{"line":90,"column":null}},"50":{"start":{"line":89,"column":12},"end":{"line":89,"column":45}},"51":{"start":{"line":91,"column":8},"end":{"line":93,"column":null}},"52":{"start":{"line":92,"column":12},"end":{"line":92,"column":58}},"53":{"start":{"line":95,"column":8},"end":{"line":95,"column":28}},"54":{"start":{"line":97,"column":24},"end":{"line":97,"column":45}},"55":{"start":{"line":98,"column":4},"end":{"line":107,"column":6}},"56":{"start":{"line":17,"column":0},"end":{"line":17,"column":16}}},"fnMap":{"0":{"name":"createStore","decl":{"start":{"line":17,"column":16},"end":{"line":17,"column":27}},"loc":{"start":{"line":22,"column":5},"end":{"line":108,"column":1}}},"1":{"name":"subscribe","decl":{"start":{"line":54,"column":13},"end":{"line":54,"column":22}},"loc":{"start":{"line":54,"column":57},"end":{"line":83,"column":5}}},"2":{"name":"unsubscribe","decl":{"start":{"line":70,"column":24},"end":{"line":70,"column":35}},"loc":{"start":{"line":70,"column":35},"end":{"line":82,"column":9}}},"3":{"name":"getStateCut","decl":{"start":{"line":85,"column":13},"end":{"line":85,"column":24}},"loc":{"start":{"line":85,"column":51},"end":{"line":96,"column":5}}}},"branchMap":{"0":{"loc":{"start":{"line":24,"column":4},"end":{"line":26,"column":null}},"type":"if","locations":[{"start":{"line":24,"column":4},"end":{"line":26,"column":null}},{"start":{"line":24,"column":4},"end":{"line":26,"column":null}}]},"1":{"loc":{"start":{"line":27,"column":4},"end":{"line":29,"column":null}},"type":"if","locations":[{"start":{"line":27,"column":4},"end":{"line":29,"column":null}},{"start":{"line":27,"column":4},"end":{"line":29,"column":null}}]},"2":{"loc":{"start":{"line":27,"column":8},"end":{"line":27,"column":33}},"type":"binary-expr","locations":[{"start":{"line":27,"column":8},"end":{"line":27,"column":33}},{"start":{"line":27,"column":37},"end":{"line":27,"column":51}},{"start":{"line":27,"column":55},"end":{"line":27,"column":74}}]},"3":{"loc":{"start":{"line":33,"column":20},"end":{"line":33,"column":27}},"type":"binary-expr","locations":[{"start":{"line":33,"column":20},"end":{"line":33,"column":27}},{"start":{"line":33,"column":31},"end":{"line":33,"column":54}},{"start":{"line":33,"column":59},"end":{"line":33,"column":60}}]},"4":{"loc":{"start":{"line":36,"column":8},"end":{"line":46,"column":null}},"type":"if","locations":[{"start":{"line":36,"column":8},"end":{"line":46,"column":null}},{"start":{"line":36,"column":8},"end":{"line":46,"column":null}}]},"5":{"loc":{"start":{"line":37,"column":12},"end":{"line":39,"column":null}},"type":"if","locations":[{"start":{"line":37,"column":12},"end":{"line":39,"column":null}},{"start":{"line":37,"column":12},"end":{"line":39,"column":null}}]},"6":{"loc":{"start":{"line":40,"column":12},"end":{"line":44,"column":null}},"type":"if","locations":[{"start":{"line":40,"column":12},"end":{"line":44,"column":null}},{"start":{"line":40,"column":12},"end":{"line":44,"column":null}}]},"7":{"loc":{"start":{"line":48,"column":4},"end":{"line":50,"column":null}},"type":"if","locations":[{"start":{"line":48,"column":4},"end":{"line":50,"column":null}},{"start":{"line":48,"column":4},"end":{"line":50,"column":null}}]},"8":{"loc":{"start":{"line":55,"column":8},"end":{"line":57,"column":null}},"type":"if","locations":[{"start":{"line":55,"column":8},"end":{"line":57,"column":null}},{"start":{"line":55,"column":8},"end":{"line":57,"column":null}}]},"9":{"loc":{"start":{"line":59,"column":14},"end":{"line":59,"column":17}},"type":"binary-expr","locations":[{"start":{"line":59,"column":14},"end":{"line":59,"column":17}},{"start":{"line":59,"column":21},"end":{"line":59,"column":42}}]},"10":{"loc":{"start":{"line":63,"column":8},"end":{"line":68,"column":null}},"type":"if","locations":[{"start":{"line":63,"column":8},"end":{"line":68,"column":null}},{"start":{"line":63,"column":8},"end":{"line":68,"column":null}}]},"11":{"loc":{"start":{"line":71,"column":12},"end":{"line":73,"column":null}},"type":"if","locations":[{"start":{"line":71,"column":12},"end":{"line":73,"column":null}},{"start":{"line":71,"column":12},"end":{"line":73,"column":null}}]},"12":{"loc":{"start":{"line":74,"column":12},"end":{"line":78,"column":null}},"type":"if","locations":[{"start":{"line":74,"column":12},"end":{"line":78,"column":null}},{"start":{"line":74,"column":12},"end":{"line":78,"column":null}}]},"13":{"loc":{"start":{"line":86,"column":14},"end":{"line":86,"column":17}},"type":"binary-expr","locations":[{"start":{"line":86,"column":14},"end":{"line":86,"column":17}},{"start":{"line":86,"column":22},"end":{"line":86,"column":49}}]},"14":{"loc":{"start":{"line":88,"column":8},"end":{"line":90,"column":null}},"type":"if","locations":[{"start":{"line":88,"column":8},"end":{"line":90,"column":null}},{"start":{"line":88,"column":8},"end":{"line":90,"column":null}}]},"15":{"loc":{"start":{"line":91,"column":8},"end":{"line":93,"column":null}},"type":"if","locations":[{"start":{"line":91,"column":8},"end":{"line":93,"column":null}},{"start":{"line":91,"column":8},"end":{"line":93,"column":null}}]},"16":{"loc":{"start":{"line":103,"column":12},"end":{"line":103,"column":19}},"type":"binary-expr","locations":[{"start":{"line":103,"column":12},"end":{"line":103,"column":19}},{"start":{"line":103,"column":23},"end":{"line":103,"column":47}}]}},"s":{"0":5,"1":5,"2":5,"3":5,"4":5,"5":5,"6":5,"7":31,"8":1,"9":30,"10":4,"11":26,"12":26,"13":26,"14":26,"15":26,"16":32,"17":32,"18":25,"19":32,"20":18,"21":18,"22":18,"23":14,"24":26,"25":1,"26":25,"27":25,"28":25,"29":11,"30":4,"31":7,"32":7,"33":7,"34":7,"35":7,"36":5,"37":2,"38":2,"39":7,"40":6,"41":1,"42":5,"43":1,"44":4,"45":4,"46":4,"47":37,"48":37,"49":37,"50":37,"51":37,"52":1,"53":36,"54":25,"55":25,"56":5},"f":{"0":31,"1":11,"2":6,"3":37},"b":{"0":[1,30],"1":[4,26],"2":[30,27,26],"3":[26,9,19],"4":[32,0],"5":[25,7],"6":[18,14],"7":[1,25],"8":[4,7],"9":[7,4],"10":[5,2],"11":[1,5],"12":[1,4],"13":[37,18],"14":[37,0],"15":[1,36],"16":[25,9]}}
,"C:\\work-files\\simple-state-management\\src\\dispatch.ts": {"path":"C:\\work-files\\simple-state-management\\src\\dispatch.ts","statementMap":{"0":{"start":{"line":1,"column":0},"end":{"line":1,"column":46}},"1":{"start":{"line":3,"column":0},"end":{"line":3,"column":39}},"2":{"start":{"line":4,"column":0},"end":{"line":4,"column":38}},"3":{"start":{"line":9,"column":35},"end":{"line":59,"column":5}},"4":{"start":{"line":13,"column":8},"end":{"line":15,"column":null}},"5":{"start":{"line":14,"column":12},"end":{"line":14,"column":66}},"6":{"start":{"line":16,"column":18},"end":{"line":16,"column":51}},"7":{"start":{"line":18,"column":30},"end":{"line":18,"column":50}},"8":{"start":{"line":20,"column":8},"end":{"line":24,"column":null}},"9":{"start":{"line":21,"column":12},"end":{"line":23,"column":14}},"10":{"start":{"line":26,"column":27},"end":{"line":26,"column":50}},"11":{"start":{"line":28,"column":8},"end":{"line":56,"column":null}},"12":{"start":{"line":29,"column":24},"end":{"line":29,"column":36}},"13":{"start":{"line":30,"column":12},"end":{"line":30,"column":40}},"14":{"start":{"line":31,"column":12},"end":{"line":42,"column":null}},"15":{"start":{"line":32,"column":16},"end":{"line":39,"column":19}},"16":{"start":{"line":33,"column":28},"end":{"line":33,"column":59}},"17":{"start":{"line":34,"column":20},"end":{"line":38,"column":null}},"18":{"start":{"line":35,"column":24},"end":{"line":35,"column":56}},"19":{"start":{"line":37,"column":24},"end":{"line":37,"column":34}},"20":{"start":{"line":41,"column":16},"end":{"line":41,"column":67}},"21":{"start":{"line":44,"column":12},"end":{"line":50,"column":null}},"22":{"start":{"line":45,"column":16},"end":{"line":45,"column":48}},"23":{"start":{"line":46,"column":19},"end":{"line":50,"column":null}},"24":{"start":{"line":47,"column":16},"end":{"line":49,"column":18}},"25":{"start":{"line":52,"column":12},"end":{"line":52,"column":33}},"26":{"start":{"line":54,"column":12},"end":{"line":54,"column":41}},"27":{"start":{"line":55,"column":12},"end":{"line":55,"column":31}},"28":{"start":{"line":58,"column":8},"end":{"line":58,"column":22}},"29":{"start":{"line":60,"column":4},"end":{"line":65,"column":null}},"30":{"start":{"line":61,"column":8},"end":{"line":63,"column":null}},"31":{"start":{"line":62,"column":12},"end":{"line":62,"column":71}},"32":{"start":{"line":64,"column":8},"end":{"line":64,"column":34}},"33":{"start":{"line":66,"column":4},"end":{"line":66,"column":20}},"34":{"start":{"line":70,"column":22},"end":{"line":70,"column":61}},"35":{"start":{"line":71,"column":4},"end":{"line":74,"column":null}},"36":{"start":{"line":71,"column":17},"end":{"line":71,"column":18}},"37":{"start":{"line":72,"column":25},"end":{"line":72,"column":37}},"38":{"start":{"line":73,"column":8},"end":{"line":73,"column":19}},"39":{"start":{"line":77,"column":0},"end":{"line":77,"column":30}}},"fnMap":{"0":{"name":"createDispatch","decl":{"start":{"line":5,"column":9},"end":{"line":5,"column":23}},"loc":{"start":{"line":7,"column":59},"end":{"line":67,"column":1}}},"1":{"name":"(anonymous_2)","decl":{"start":{"line":9,"column":35},"end":{"line":9,"column":null}},"loc":{"start":{"line":11,"column":26},"end":{"line":59,"column":5}}},"2":{"name":"(anonymous_3)","decl":{"start":{"line":32,"column":40},"end":{"line":32,"column":41}},"loc":{"start":{"line":32,"column":45},"end":{"line":39,"column":17}}},"3":{"name":"emitListeners","decl":{"start":{"line":69,"column":9},"end":{"line":69,"column":22}},"loc":{"start":{"line":69,"column":37},"end":{"line":75,"column":1}}}},"branchMap":{"0":{"loc":{"start":{"line":13,"column":8},"end":{"line":15,"column":null}},"type":"if","locations":[{"start":{"line":13,"column":8},"end":{"line":15,"column":null}},{"start":{"line":13,"column":8},"end":{"line":15,"column":null}}]},"1":{"loc":{"start":{"line":16,"column":18},"end":{"line":16,"column":26}},"type":"binary-expr","locations":[{"start":{"line":16,"column":18},"end":{"line":16,"column":26}},{"start":{"line":16,"column":30},"end":{"line":16,"column":51}}]},"2":{"loc":{"start":{"line":20,"column":8},"end":{"line":24,"column":null}},"type":"if","locations":[{"start":{"line":20,"column":8},"end":{"line":24,"column":null}},{"start":{"line":20,"column":8},"end":{"line":24,"column":null}}]},"3":{"loc":{"start":{"line":31,"column":12},"end":{"line":42,"column":null}},"type":"if","locations":[{"start":{"line":31,"column":12},"end":{"line":42,"column":null}},{"start":{"line":31,"column":12},"end":{"line":42,"column":null}}]},"4":{"loc":{"start":{"line":34,"column":20},"end":{"line":38,"column":null}},"type":"if","locations":[{"start":{"line":34,"column":20},"end":{"line":38,"column":null}},{"start":{"line":34,"column":20},"end":{"line":38,"column":null}}]},"5":{"loc":{"start":{"line":44,"column":12},"end":{"line":50,"column":null}},"type":"if","locations":[{"start":{"line":44,"column":12},"end":{"line":50,"column":null}},{"start":{"line":44,"column":12},"end":{"line":50,"column":null}}]},"6":{"loc":{"start":{"line":44,"column":16},"end":{"line":44,"column":44}},"type":"binary-expr","locations":[{"start":{"line":44,"column":16},"end":{"line":44,"column":44}},{"start":{"line":44,"column":48},"end":{"line":44,"column":68}}]},"7":{"loc":{"start":{"line":46,"column":19},"end":{"line":50,"column":null}},"type":"if","locations":[{"start":{"line":46,"column":19},"end":{"line":50,"column":null}},{"start":{"line":46,"column":19},"end":{"line":50,"column":null}}]},"8":{"loc":{"start":{"line":60,"column":4},"end":{"line":65,"column":null}},"type":"if","locations":[{"start":{"line":60,"column":4},"end":{"line":65,"column":null}},{"start":{"line":60,"column":4},"end":{"line":65,"column":null}}]},"9":{"loc":{"start":{"line":61,"column":8},"end":{"line":63,"column":null}},"type":"if","locations":[{"start":{"line":61,"column":8},"end":{"line":63,"column":null}},{"start":{"line":61,"column":8},"end":{"line":63,"column":null}}]},"10":{"loc":{"start":{"line":70,"column":22},"end":{"line":70,"column":55}},"type":"binary-expr","locations":[{"start":{"line":70,"column":22},"end":{"line":70,"column":55}},{"start":{"line":70,"column":59},"end":{"line":70,"column":61}}]}},"s":{"0":5,"1":5,"2":5,"3":25,"4":33,"5":1,"6":32,"7":32,"8":32,"9":1,"10":31,"11":31,"12":31,"13":31,"14":31,"15":6,"16":6,"17":6,"18":4,"19":2,"20":25,"21":29,"22":28,"23":1,"24":1,"25":2,"26":31,"27":31,"28":29,"29":25,"30":2,"31":1,"32":1,"33":23,"34":31,"35":31,"36":31,"37":19,"38":19,"39":5},"f":{"0":25,"1":33,"2":6,"3":31},"b":{"0":[1,32],"1":[32,29],"2":[1,31],"3":[6,25],"4":[4,2],"5":[28,1],"6":[29,28],"7":[1,0],"8":[2,23],"9":[1,1],"10":[31,18]}}
,"C:\\work-files\\simple-state-management\\src\\replaceReducer.ts": {"path":"C:\\work-files\\simple-state-management\\src\\replaceReducer.ts","statementMap":{"0":{"start":{"line":1,"column":0},"end":{"line":1,"column":39}},"1":{"start":{"line":3,"column":0},"end":{"line":3,"column":39}},"2":{"start":{"line":8,"column":4},"end":{"line":43,"column":6}},"3":{"start":{"line":13,"column":8},"end":{"line":15,"column":null}},"4":{"start":{"line":14,"column":12},"end":{"line":14,"column":74}},"5":{"start":{"line":16,"column":18},"end":{"line":16,"column":51}},"6":{"start":{"line":17,"column":23},"end":{"line":17,"column":43}},"7":{"start":{"line":18,"column":8},"end":{"line":20,"column":null}},"8":{"start":{"line":19,"column":12},"end":{"line":19,"column":57}},"9":{"start":{"line":21,"column":24},"end":{"line":21,"column":29}},"10":{"start":{"line":22,"column":8},"end":{"line":38,"column":null}},"11":{"start":{"line":23,"column":12},"end":{"line":26,"column":null}},"12":{"start":{"line":24,"column":16},"end":{"line":24,"column":33}},"13":{"start":{"line":25,"column":16},"end":{"line":25,"column":52}},"14":{"start":{"line":28,"column":22},"end":{"line":28,"column":37}},"15":{"start":{"line":29,"column":12},"end":{"line":36,"column":null}},"16":{"start":{"line":29,"column":25},"end":{"line":29,"column":26}},"17":{"start":{"line":30,"column":30},"end":{"line":30,"column":41}},"18":{"start":{"line":31,"column":16},"end":{"line":35,"column":null}},"19":{"start":{"line":32,"column":20},"end":{"line":32,"column":37}},"20":{"start":{"line":33,"column":20},"end":{"line":33,"column":57}},"21":{"start":{"line":34,"column":20},"end":{"line":34,"column":26}},"22":{"start":{"line":37,"column":12},"end":{"line":37,"column":43}},"23":{"start":{"line":40,"column":8},"end":{"line":42,"column":null}},"24":{"start":{"line":41,"column":12},"end":{"line":41,"column":72}},"25":{"start":{"line":5,"column":0},"end":{"line":5,"column":24}}},"fnMap":{"0":{"name":"replaceReducer","decl":{"start":{"line":5,"column":24},"end":{"line":5,"column":38}},"loc":{"start":{"line":6,"column":30},"end":{"line":44,"column":1}}},"1":{"name":"(anonymous_1)","decl":{"start":{"line":8,"column":11},"end":{"line":8,"column":null}},"loc":{"start":{"line":11,"column":20},"end":{"line":43,"column":5}}}},"branchMap":{"0":{"loc":{"start":{"line":13,"column":8},"end":{"line":15,"column":null}},"type":"if","locations":[{"start":{"line":13,"column":8},"end":{"line":15,"column":null}},{"start":{"line":13,"column":8},"end":{"line":15,"column":null}}]},"1":{"loc":{"start":{"line":16,"column":18},"end":{"line":16,"column":26}},"type":"binary-expr","locations":[{"start":{"line":16,"column":18},"end":{"line":16,"column":26}},{"start":{"line":16,"column":30},"end":{"line":16,"column":51}}]},"2":{"loc":{"start":{"line":18,"column":8},"end":{"line":20,"column":null}},"type":"if","locations":[{"start":{"line":18,"column":8},"end":{"line":20,"column":null}},{"start":{"line":18,"column":8},"end":{"line":20,"column":null}}]},"3":{"loc":{"start":{"line":22,"column":8},"end":{"line":38,"column":null}},"type":"if","locations":[{"start":{"line":22,"column":8},"end":{"line":38,"column":null}},{"start":{"line":22,"column":8},"end":{"line":38,"column":null}}]},"4":{"loc":{"start":{"line":23,"column":12},"end":{"line":26,"column":null}},"type":"if","locations":[{"start":{"line":23,"column":12},"end":{"line":26,"column":null}},{"start":{"line":23,"column":12},"end":{"line":26,"column":null}}]},"5":{"loc":{"start":{"line":31,"column":16},"end":{"line":35,"column":null}},"type":"if","locations":[{"start":{"line":31,"column":16},"end":{"line":35,"column":null}},{"start":{"line":31,"column":16},"end":{"line":35,"column":null}}]},"6":{"loc":{"start":{"line":40,"column":8},"end":{"line":42,"column":null}},"type":"if","locations":[{"start":{"line":40,"column":8},"end":{"line":42,"column":null}},{"start":{"line":40,"column":8},"end":{"line":42,"column":null}}]}},"s":{"0":5,"1":5,"2":26,"3":6,"4":2,"5":4,"6":4,"7":4,"8":1,"9":3,"10":3,"11":1,"12":1,"13":1,"14":2,"15":2,"16":2,"17":2,"18":2,"19":1,"20":1,"21":1,"22":2,"23":3,"24":1,"25":5},"f":{"0":26,"1":6},"b":{"0":[2,4],"1":[4,4],"2":[1,3],"3":[1,2],"4":[1,0],"5":[1,1],"6":[1,2]}}
,"C:\\work-files\\simple-state-management\\src\\proxy\\index.ts": {"path":"C:\\work-files\\simple-state-management\\src\\proxy\\index.ts","statementMap":{"0":{"start":{"line":1,"column":0},"end":{"line":1,"column":40}},"1":{"start":{"line":4,"column":20},"end":{"line":22,"column":6}},"2":{"start":{"line":6,"column":24},"end":{"line":6,"column":58}},"3":{"start":{"line":7,"column":12},"end":{"line":9,"column":null}},"4":{"start":{"line":8,"column":16},"end":{"line":8,"column":37}},"5":{"start":{"line":10,"column":12},"end":{"line":10,"column":23}},"6":{"start":{"line":13,"column":12},"end":{"line":18,"column":null}},"7":{"start":{"line":14,"column":16},"end":{"line":17,"column":18}},"8":{"start":{"line":19,"column":24},"end":{"line":19,"column":65}},"9":{"start":{"line":20,"column":12},"end":{"line":20,"column":23}},"10":{"start":{"line":23,"column":4},"end":{"line":23,"column":37}},"11":{"start":{"line":25,"column":0},"end":{"line":25,"column":24}}},"fnMap":{"0":{"name":"setProxy","decl":{"start":{"line":3,"column":9},"end":{"line":3,"column":17}},"loc":{"start":{"line":3,"column":23},"end":{"line":24,"column":1}}},"1":{"name":"(anonymous_1)","decl":{"start":{"line":5,"column":13},"end":{"line":5,"column":23}},"loc":{"start":{"line":5,"column":59},"end":{"line":11,"column":9}}},"2":{"name":"(anonymous_2)","decl":{"start":{"line":12,"column":13},"end":{"line":12,"column":23}},"loc":{"start":{"line":12,"column":71},"end":{"line":21,"column":9}}}},"branchMap":{"0":{"loc":{"start":{"line":7,"column":12},"end":{"line":9,"column":null}},"type":"if","locations":[{"start":{"line":7,"column":12},"end":{"line":9,"column":null}},{"start":{"line":7,"column":12},"end":{"line":9,"column":null}}]},"1":{"loc":{"start":{"line":13,"column":12},"end":{"line":18,"column":null}},"type":"if","locations":[{"start":{"line":13,"column":12},"end":{"line":18,"column":null}},{"start":{"line":13,"column":12},"end":{"line":18,"column":null}}]}},"s":{"0":5,"1":86,"2":440,"3":440,"4":61,"5":379,"6":51,"7":1,"8":50,"9":50,"10":86,"11":5},"f":{"0":86,"1":440,"2":51},"b":{"0":[61,379],"1":[1,50]}}
,"C:\\work-files\\simple-state-management\\src\\utils\\compose.ts": {"path":"C:\\work-files\\simple-state-management\\src\\utils\\compose.ts","statementMap":{"0":{"start":{"line":1,"column":32},"end":{"line":1,"column":51}},"1":{"start":{"line":2,"column":4},"end":{"line":4,"column":null}},"2":{"start":{"line":3,"column":8},"end":{"line":3,"column":15}},"3":{"start":{"line":6,"column":4},"end":{"line":8,"column":null}},"4":{"start":{"line":7,"column":8},"end":{"line":7,"column":23}},"5":{"start":{"line":10,"column":4},"end":{"line":12,"column":7}},"6":{"start":{"line":11,"column":8},"end":{"line":11,"column":47}},"7":{"start":{"line":11,"column":16},"end":{"line":11,"column":28}},"8":{"start":{"line":11,"column":33},"end":{"line":11,"column":47}},"9":{"start":{"line":1,"column":0},"end":{"line":1,"column":24}}},"fnMap":{"0":{"name":"compose","decl":{"start":{"line":1,"column":24},"end":{"line":1,"column":31}},"loc":{"start":{"line":1,"column":31},"end":{"line":13,"column":1}}},"1":{"name":"(anonymous_1)","decl":{"start":{"line":10,"column":23},"end":{"line":10,"column":24}},"loc":{"start":{"line":10,"column":28},"end":{"line":12,"column":5}}},"2":{"name":"(anonymous_2)","decl":{"start":{"line":11,"column":15},"end":{"line":11,"column":16}},"loc":{"start":{"line":11,"column":15},"end":{"line":11,"column":34}}}},"branchMap":{"0":{"loc":{"start":{"line":2,"column":4},"end":{"line":4,"column":null}},"type":"if","locations":[{"start":{"line":2,"column":4},"end":{"line":4,"column":null}},{"start":{"line":2,"column":4},"end":{"line":4,"column":null}}]},"1":{"loc":{"start":{"line":6,"column":4},"end":{"line":8,"column":null}},"type":"if","locations":[{"start":{"line":6,"column":4},"end":{"line":8,"column":null}},{"start":{"line":6,"column":4},"end":{"line":8,"column":null}}]}},"s":{"0":12,"1":4,"2":1,"3":3,"4":2,"5":1,"6":1,"7":6,"8":2,"9":2},"f":{"0":4,"1":1,"2":2},"b":{"0":[1,3],"1":[2,1]}}
,"C:\\work-files\\simple-state-management\\src\\utils\\index.ts": {"path":"C:\\work-files\\simple-state-management\\src\\utils\\index.ts","statementMap":{"0":{"start":{"line":2,"column":4},"end":{"line":5,"column":6}},"1":{"start":{"line":1,"column":0},"end":{"line":1,"column":16}}},"fnMap":{"0":{"name":"isFunctionFn","decl":{"start":{"line":1,"column":16},"end":{"line":1,"column":28}},"loc":{"start":{"line":1,"column":31},"end":{"line":6,"column":1}}}},"branchMap":{"0":{"loc":{"start":{"line":3,"column":8},"end":{"line":3,"column":65}},"type":"binary-expr","locations":[{"start":{"line":3,"column":8},"end":{"line":3,"column":65}},{"start":{"line":4,"column":8},"end":{"line":4,"column":31}}]}},"s":{"0":71,"1":5},"f":{"0":71},"b":{"0":[71,60]}}
,"C:\\work-files\\simple-state-management\\src\\utils\\warning.ts": {"path":"C:\\work-files\\simple-state-management\\src\\utils\\warning.ts","statementMap":{"0":{"start":{"line":3,"column":4},"end":{"line":5,"column":null}},"1":{"start":{"line":4,"column":8},"end":{"line":4,"column":31}},"2":{"start":{"line":7,"column":4},"end":{"line":9,"column":18}},"3":{"start":{"line":8,"column":8},"end":{"line":8,"column":33}},"4":{"start":{"line":1,"column":0},"end":{"line":1,"column":24}}},"fnMap":{"0":{"name":"warning","decl":{"start":{"line":1,"column":24},"end":{"line":1,"column":31}},"loc":{"start":{"line":1,"column":47},"end":{"line":10,"column":1}}}},"branchMap":{"0":{"loc":{"start":{"line":3,"column":4},"end":{"line":5,"column":null}},"type":"if","locations":[{"start":{"line":3,"column":4},"end":{"line":5,"column":null}},{"start":{"line":3,"column":4},"end":{"line":5,"column":null}}]},"1":{"loc":{"start":{"line":3,"column":8},"end":{"line":3,"column":38}},"type":"binary-expr","locations":[{"start":{"line":3,"column":8},"end":{"line":3,"column":38}},{"start":{"line":3,"column":42},"end":{"line":3,"column":77}}]}},"s":{"0":5,"1":5,"2":5,"3":5,"4":5},"f":{"0":5},"b":{"0":[5,0],"1":[5,5]}}
}
