{"D:\\my-demo\\simple-state-management\\src\\applyMiddleware.ts": {"path":"D:\\my-demo\\simple-state-management\\src\\applyMiddleware.ts","statementMap":{"0":{"start":{"line":2,"column":0},"end":{"line":2,"column":38}},"1":{"start":{"line":3,"column":0},"end":{"line":3,"column":38}},"2":{"start":{"line":6,"column":4},"end":{"line":38,"column":6}},"3":{"start":{"line":7,"column":18},"end":{"line":7,"column":26}},"4":{"start":{"line":8,"column":26},"end":{"line":8,"column":28}},"5":{"start":{"line":9,"column":8},"end":{"line":26,"column":null}},"6":{"start":{"line":10,"column":12},"end":{"line":25,"column":null}},"7":{"start":{"line":12,"column":25},"end":{"line":12,"column":40}},"8":{"start":{"line":13,"column":16},"end":{"line":15,"column":null}},"9":{"start":{"line":14,"column":20},"end":{"line":14,"column":30}},"10":{"start":{"line":16,"column":16},"end":{"line":16,"column":45}},"11":{"start":{"line":17,"column":16},"end":{"line":24,"column":null}},"12":{"start":{"line":21,"column":20},"end":{"line":23,"column":22}},"13":{"start":{"line":28,"column":8},"end":{"line":36,"column":10}},"14":{"start":{"line":29,"column":12},"end":{"line":34,"column":null}},"15":{"start":{"line":30,"column":28},"end":{"line":30,"column":44}},"16":{"start":{"line":31,"column":16},"end":{"line":33,"column":null}},"17":{"start":{"line":32,"column":20},"end":{"line":32,"column":56}},"18":{"start":{"line":35,"column":12},"end":{"line":35,"column":41}},"19":{"start":{"line":37,"column":8},"end":{"line":37,"column":24}},"20":{"start":{"line":5,"column":0},"end":{"line":5,"column":24}}},"fnMap":{"0":{"name":"applyMiddleware","decl":{"start":{"line":5,"column":24},"end":{"line":5,"column":39}},"loc":{"start":{"line":5,"column":68},"end":{"line":39,"column":1}}},"1":{"name":"(anonymous_2)","decl":{"start":{"line":6,"column":11},"end":{"line":6,"column":21}},"loc":{"start":{"line":6,"column":45},"end":{"line":38,"column":5}}},"2":{"name":"(anonymous_3)","decl":{"start":{"line":28,"column":19},"end":{"line":28,"column":20}},"loc":{"start":{"line":28,"column":54},"end":{"line":36,"column":9}}}},"branchMap":{"0":{"loc":{"start":{"line":10,"column":12},"end":{"line":25,"column":null}},"type":"if","locations":[{"start":{"line":10,"column":12},"end":{"line":25,"column":null}},{"start":{"line":10,"column":12},"end":{"line":25,"column":null}}]},"1":{"loc":{"start":{"line":13,"column":16},"end":{"line":15,"column":null}},"type":"if","locations":[{"start":{"line":13,"column":16},"end":{"line":15,"column":null}},{"start":{"line":13,"column":16},"end":{"line":15,"column":null}}]},"2":{"loc":{"start":{"line":17,"column":16},"end":{"line":24,"column":null}},"type":"if","locations":[{"start":{"line":17,"column":16},"end":{"line":24,"column":null}},{"start":{"line":17,"column":16},"end":{"line":24,"column":null}}]},"3":{"loc":{"start":{"line":18,"column":20},"end":{"line":18,"column":57}},"type":"binary-expr","locations":[{"start":{"line":18,"column":20},"end":{"line":18,"column":57}},{"start":{"line":19,"column":20},"end":{"line":19,"column":53}}]},"4":{"loc":{"start":{"line":29,"column":12},"end":{"line":34,"column":null}},"type":"if","locations":[{"start":{"line":29,"column":12},"end":{"line":34,"column":null}},{"start":{"line":29,"column":12},"end":{"line":34,"column":null}}]},"5":{"loc":{"start":{"line":31,"column":16},"end":{"line":33,"column":null}},"type":"if","locations":[{"start":{"line":31,"column":16},"end":{"line":33,"column":null}},{"start":{"line":31,"column":16},"end":{"line":33,"column":null}}]},"6":{"loc":{"start":{"line":31,"column":20},"end":{"line":31,"column":25}},"type":"binary-expr","locations":[{"start":{"line":31,"column":20},"end":{"line":31,"column":25}},{"start":{"line":31,"column":29},"end":{"line":31,"column":56}}]}},"s":{"0":5,"1":5,"2":4,"3":4,"4":4,"5":4,"6":4,"7":4,"8":4,"9":2,"10":4,"11":4,"12":3,"13":4,"14":4,"15":3,"16":3,"17":1,"18":3,"19":4,"20":5},"f":{"0":4,"1":4,"2":4},"b":{"0":[4,0],"1":[2,2],"2":[3,1],"3":[4,4],"4":[3,1],"5":[1,2],"6":[3,2]}}
,"D:\\my-demo\\simple-state-management\\src\\createReduce.ts": {"path":"D:\\my-demo\\simple-state-management\\src\\createReduce.ts","statementMap":{"0":{"start":{"line":2,"column":0},"end":{"line":2,"column":38}},"1":{"start":{"line":5,"column":24},"end":{"line":5,"column":33}},"2":{"start":{"line":19,"column":38},"end":{"line":19,"column":48}},"3":{"start":{"line":21,"column":8},"end":{"line":23,"column":null}},"4":{"start":{"line":22,"column":12},"end":{"line":22,"column":53}},"5":{"start":{"line":25,"column":8},"end":{"line":27,"column":null}},"6":{"start":{"line":26,"column":12},"end":{"line":26,"column":54}},"7":{"start":{"line":29,"column":8},"end":{"line":38,"column":null}},"8":{"start":{"line":30,"column":12},"end":{"line":36,"column":null}},"9":{"start":{"line":31,"column":16},"end":{"line":35,"column":null}},"10":{"start":{"line":32,"column":30},"end":{"line":32,"column":45}},"11":{"start":{"line":33,"column":20},"end":{"line":33,"column":39}},"12":{"start":{"line":34,"column":20},"end":{"line":34,"column":39}},"13":{"start":{"line":37,"column":12},"end":{"line":37,"column":19}},"14":{"start":{"line":40,"column":8},"end":{"line":42,"column":10}},"15":{"start":{"line":45,"column":25},"end":{"line":45,"column":45}},"16":{"start":{"line":46,"column":12},"end":{"line":52,"column":null}},"17":{"start":{"line":47,"column":16},"end":{"line":51,"column":18}},"18":{"start":{"line":53,"column":12},"end":{"line":69,"column":null}},"19":{"start":{"line":54,"column":24},"end":{"line":54,"column":26}},"20":{"start":{"line":55,"column":16},"end":{"line":67,"column":null}},"21":{"start":{"line":55,"column":29},"end":{"line":55,"column":30}},"22":{"start":{"line":56,"column":30},"end":{"line":56,"column":47}},"23":{"start":{"line":57,"column":20},"end":{"line":65,"column":null}},"24":{"start":{"line":58,"column":36},"end":{"line":58,"column":48}},"25":{"start":{"line":59,"column":24},"end":{"line":64,"column":null}},"26":{"start":{"line":60,"column":28},"end":{"line":63,"column":30}},"27":{"start":{"line":66,"column":20},"end":{"line":66,"column":30}},"28":{"start":{"line":68,"column":16},"end":{"line":68,"column":35}},"29":{"start":{"line":70,"column":12},"end":{"line":70,"column":49}},"30":{"start":{"line":73,"column":4},"end":{"line":73,"column":42}},"31":{"start":{"line":4,"column":0},"end":{"line":4,"column":24}}},"fnMap":{"0":{"name":"createReducerFun","decl":{"start":{"line":4,"column":24},"end":{"line":4,"column":40}},"loc":{"start":{"line":4,"column":40},"end":{"line":74,"column":1}}},"1":{"name":"createReducer","decl":{"start":{"line":14,"column":13},"end":{"line":14,"column":26}},"loc":{"start":{"line":14,"column":67},"end":{"line":72,"column":5}}},"2":{"name":"setReducerMap","decl":{"start":{"line":44,"column":17},"end":{"line":44,"column":30}},"loc":{"start":{"line":44,"column":42},"end":{"line":71,"column":9}}}},"branchMap":{"0":{"loc":{"start":{"line":21,"column":8},"end":{"line":23,"column":null}},"type":"if","locations":[{"start":{"line":21,"column":8},"end":{"line":23,"column":null}},{"start":{"line":21,"column":8},"end":{"line":23,"column":null}}]},"1":{"loc":{"start":{"line":21,"column":12},"end":{"line":21,"column":43}},"type":"binary-expr","locations":[{"start":{"line":21,"column":12},"end":{"line":21,"column":43}},{"start":{"line":21,"column":47},"end":{"line":21,"column":75}}]},"2":{"loc":{"start":{"line":25,"column":8},"end":{"line":27,"column":null}},"type":"if","locations":[{"start":{"line":25,"column":8},"end":{"line":27,"column":null}},{"start":{"line":25,"column":8},"end":{"line":27,"column":null}}]},"3":{"loc":{"start":{"line":25,"column":12},"end":{"line":25,"column":44}},"type":"binary-expr","locations":[{"start":{"line":25,"column":12},"end":{"line":25,"column":44}},{"start":{"line":25,"column":48},"end":{"line":25,"column":73}}]},"4":{"loc":{"start":{"line":29,"column":8},"end":{"line":38,"column":null}},"type":"if","locations":[{"start":{"line":29,"column":8},"end":{"line":38,"column":null}},{"start":{"line":29,"column":8},"end":{"line":38,"column":null}}]},"5":{"loc":{"start":{"line":29,"column":12},"end":{"line":29,"column":42}},"type":"binary-expr","locations":[{"start":{"line":29,"column":12},"end":{"line":29,"column":42}},{"start":{"line":29,"column":46},"end":{"line":29,"column":65}}]},"6":{"loc":{"start":{"line":31,"column":16},"end":{"line":35,"column":null}},"type":"if","locations":[{"start":{"line":31,"column":16},"end":{"line":35,"column":null}},{"start":{"line":31,"column":16},"end":{"line":35,"column":null}}]},"7":{"loc":{"start":{"line":46,"column":12},"end":{"line":52,"column":null}},"type":"if","locations":[{"start":{"line":46,"column":12},"end":{"line":52,"column":null}},{"start":{"line":46,"column":12},"end":{"line":52,"column":null}}]},"8":{"loc":{"start":{"line":53,"column":12},"end":{"line":69,"column":null}},"type":"if","locations":[{"start":{"line":53,"column":12},"end":{"line":69,"column":null}},{"start":{"line":53,"column":12},"end":{"line":69,"column":null}}]},"9":{"loc":{"start":{"line":57,"column":20},"end":{"line":65,"column":null}},"type":"if","locations":[{"start":{"line":57,"column":20},"end":{"line":65,"column":null}},{"start":{"line":57,"column":20},"end":{"line":65,"column":null}}]},"10":{"loc":{"start":{"line":59,"column":24},"end":{"line":64,"column":null}},"type":"if","locations":[{"start":{"line":59,"column":24},"end":{"line":64,"column":null}},{"start":{"line":59,"column":24},"end":{"line":64,"column":null}}]}},"s":{"0":4,"1":27,"2":26,"3":26,"4":4,"5":22,"6":16,"7":6,"8":4,"9":6,"10":6,"11":6,"12":6,"13":3,"14":2,"15":26,"16":26,"17":4,"18":22,"19":9,"20":9,"21":9,"22":10,"23":10,"24":10,"25":10,"26":1,"27":10,"28":9,"29":22,"30":27,"31":4},"f":{"0":27,"1":26,"2":26},"b":{"0":[4,22],"1":[26,4],"2":[16,6],"3":[22,6],"4":[4,2],"5":[6,5],"6":[6,0],"7":[4,22],"8":[9,13],"9":[10,0],"10":[1,9]}}
,"D:\\my-demo\\simple-state-management\\src\\createStore.ts": {"path":"D:\\my-demo\\simple-state-management\\src\\createStore.ts","statementMap":{"0":{"start":{"line":1,"column":0},"end":{"line":1,"column":46}},"1":{"start":{"line":2,"column":0},"end":{"line":2,"column":40}},"2":{"start":{"line":3,"column":0},"end":{"line":3,"column":31}},"3":{"start":{"line":4,"column":0},"end":{"line":4,"column":46}},"4":{"start":{"line":6,"column":0},"end":{"line":6,"column":39}},"5":{"start":{"line":15,"column":4},"end":{"line":17,"column":null}},"6":{"start":{"line":16,"column":8},"end":{"line":16,"column":51}},"7":{"start":{"line":19,"column":9},"end":{"line":19,"column":27}},"8":{"start":{"line":20,"column":14},"end":{"line":20,"column":15}},"9":{"start":{"line":21,"column":19},"end":{"line":21,"column":60}},"10":{"start":{"line":22,"column":21},"end":{"line":22,"column":23}},"11":{"start":{"line":23,"column":4},"end":{"line":35,"column":null}},"12":{"start":{"line":24,"column":8},"end":{"line":34,"column":null}},"13":{"start":{"line":25,"column":12},"end":{"line":27,"column":null}},"14":{"start":{"line":26,"column":16},"end":{"line":26,"column":33}},"15":{"start":{"line":28,"column":12},"end":{"line":32,"column":null}},"16":{"start":{"line":29,"column":16},"end":{"line":29,"column":33}},"17":{"start":{"line":30,"column":16},"end":{"line":30,"column":22}},"18":{"start":{"line":31,"column":16},"end":{"line":31,"column":22}},"19":{"start":{"line":33,"column":12},"end":{"line":33,"column":18}},"20":{"start":{"line":36,"column":4},"end":{"line":38,"column":null}},"21":{"start":{"line":37,"column":8},"end":{"line":37,"column":59}},"22":{"start":{"line":39,"column":4},"end":{"line":39,"column":31}},"23":{"start":{"line":40,"column":4},"end":{"line":40,"column":35}},"24":{"start":{"line":41,"column":4},"end":{"line":41,"column":37}},"25":{"start":{"line":42,"column":4},"end":{"line":42,"column":52}},"26":{"start":{"line":44,"column":8},"end":{"line":46,"column":null}},"27":{"start":{"line":45,"column":12},"end":{"line":45,"column":71}},"28":{"start":{"line":47,"column":27},"end":{"line":47,"column":31}},"29":{"start":{"line":48,"column":8},"end":{"line":48,"column":41}},"30":{"start":{"line":49,"column":28},"end":{"line":49,"column":46}},"31":{"start":{"line":50,"column":29},"end":{"line":50,"column":51}},"32":{"start":{"line":52,"column":8},"end":{"line":57,"column":null}},"33":{"start":{"line":53,"column":12},"end":{"line":53,"column":42}},"34":{"start":{"line":55,"column":12},"end":{"line":55,"column":52}},"35":{"start":{"line":56,"column":12},"end":{"line":56,"column":52}},"36":{"start":{"line":58,"column":20},"end":{"line":58,"column":24}},"37":{"start":{"line":59,"column":8},"end":{"line":71,"column":10}},"38":{"start":{"line":60,"column":12},"end":{"line":62,"column":null}},"39":{"start":{"line":61,"column":16},"end":{"line":61,"column":23}},"40":{"start":{"line":63,"column":12},"end":{"line":67,"column":null}},"41":{"start":{"line":64,"column":16},"end":{"line":66,"column":18}},"42":{"start":{"line":68,"column":12},"end":{"line":68,"column":33}},"43":{"start":{"line":69,"column":26},"end":{"line":69,"column":58}},"44":{"start":{"line":70,"column":12},"end":{"line":70,"column":44}},"45":{"start":{"line":75,"column":16},"end":{"line":75,"column":42}},"46":{"start":{"line":76,"column":27},"end":{"line":76,"column":44}},"47":{"start":{"line":77,"column":8},"end":{"line":79,"column":null}},"48":{"start":{"line":78,"column":12},"end":{"line":78,"column":43}},"49":{"start":{"line":80,"column":8},"end":{"line":82,"column":null}},"50":{"start":{"line":81,"column":12},"end":{"line":81,"column":58}},"51":{"start":{"line":84,"column":8},"end":{"line":84,"column":28}},"52":{"start":{"line":86,"column":24},"end":{"line":86,"column":45}},"53":{"start":{"line":87,"column":4},"end":{"line":97,"column":6}},"54":{"start":{"line":8,"column":0},"end":{"line":8,"column":16}}},"fnMap":{"0":{"name":"createStore","decl":{"start":{"line":8,"column":16},"end":{"line":8,"column":27}},"loc":{"start":{"line":13,"column":5},"end":{"line":98,"column":1}}},"1":{"name":"subscribe","decl":{"start":{"line":43,"column":13},"end":{"line":43,"column":22}},"loc":{"start":{"line":43,"column":57},"end":{"line":72,"column":5}}},"2":{"name":"unsubscribe","decl":{"start":{"line":59,"column":24},"end":{"line":59,"column":35}},"loc":{"start":{"line":59,"column":35},"end":{"line":71,"column":9}}},"3":{"name":"getStateCut","decl":{"start":{"line":74,"column":13},"end":{"line":74,"column":24}},"loc":{"start":{"line":74,"column":51},"end":{"line":85,"column":5}}}},"branchMap":{"0":{"loc":{"start":{"line":15,"column":4},"end":{"line":17,"column":null}},"type":"if","locations":[{"start":{"line":15,"column":4},"end":{"line":17,"column":null}},{"start":{"line":15,"column":4},"end":{"line":17,"column":null}}]},"1":{"loc":{"start":{"line":15,"column":8},"end":{"line":15,"column":33}},"type":"binary-expr","locations":[{"start":{"line":15,"column":8},"end":{"line":15,"column":33}},{"start":{"line":15,"column":37},"end":{"line":15,"column":51}},{"start":{"line":15,"column":55},"end":{"line":15,"column":74}}]},"2":{"loc":{"start":{"line":21,"column":20},"end":{"line":21,"column":27}},"type":"binary-expr","locations":[{"start":{"line":21,"column":20},"end":{"line":21,"column":27}},{"start":{"line":21,"column":31},"end":{"line":21,"column":54}},{"start":{"line":21,"column":59},"end":{"line":21,"column":60}}]},"3":{"loc":{"start":{"line":24,"column":8},"end":{"line":34,"column":null}},"type":"if","locations":[{"start":{"line":24,"column":8},"end":{"line":34,"column":null}},{"start":{"line":24,"column":8},"end":{"line":34,"column":null}}]},"4":{"loc":{"start":{"line":25,"column":12},"end":{"line":27,"column":null}},"type":"if","locations":[{"start":{"line":25,"column":12},"end":{"line":27,"column":null}},{"start":{"line":25,"column":12},"end":{"line":27,"column":null}}]},"5":{"loc":{"start":{"line":28,"column":12},"end":{"line":32,"column":null}},"type":"if","locations":[{"start":{"line":28,"column":12},"end":{"line":32,"column":null}},{"start":{"line":28,"column":12},"end":{"line":32,"column":null}}]},"6":{"loc":{"start":{"line":36,"column":4},"end":{"line":38,"column":null}},"type":"if","locations":[{"start":{"line":36,"column":4},"end":{"line":38,"column":null}},{"start":{"line":36,"column":4},"end":{"line":38,"column":null}}]},"7":{"loc":{"start":{"line":44,"column":8},"end":{"line":46,"column":null}},"type":"if","locations":[{"start":{"line":44,"column":8},"end":{"line":46,"column":null}},{"start":{"line":44,"column":8},"end":{"line":46,"column":null}}]},"8":{"loc":{"start":{"line":48,"column":14},"end":{"line":48,"column":17}},"type":"binary-expr","locations":[{"start":{"line":48,"column":14},"end":{"line":48,"column":17}},{"start":{"line":48,"column":21},"end":{"line":48,"column":40}}]},"9":{"loc":{"start":{"line":52,"column":8},"end":{"line":57,"column":null}},"type":"if","locations":[{"start":{"line":52,"column":8},"end":{"line":57,"column":null}},{"start":{"line":52,"column":8},"end":{"line":57,"column":null}}]},"10":{"loc":{"start":{"line":60,"column":12},"end":{"line":62,"column":null}},"type":"if","locations":[{"start":{"line":60,"column":12},"end":{"line":62,"column":null}},{"start":{"line":60,"column":12},"end":{"line":62,"column":null}}]},"11":{"loc":{"start":{"line":63,"column":12},"end":{"line":67,"column":null}},"type":"if","locations":[{"start":{"line":63,"column":12},"end":{"line":67,"column":null}},{"start":{"line":63,"column":12},"end":{"line":67,"column":null}}]},"12":{"loc":{"start":{"line":75,"column":16},"end":{"line":75,"column":19}},"type":"binary-expr","locations":[{"start":{"line":75,"column":16},"end":{"line":75,"column":19}},{"start":{"line":75,"column":23},"end":{"line":75,"column":42}}]},"13":{"loc":{"start":{"line":77,"column":8},"end":{"line":79,"column":null}},"type":"if","locations":[{"start":{"line":77,"column":8},"end":{"line":79,"column":null}},{"start":{"line":77,"column":8},"end":{"line":79,"column":null}}]},"14":{"loc":{"start":{"line":80,"column":8},"end":{"line":82,"column":null}},"type":"if","locations":[{"start":{"line":80,"column":8},"end":{"line":82,"column":null}},{"start":{"line":80,"column":8},"end":{"line":82,"column":null}}]},"15":{"loc":{"start":{"line":93,"column":12},"end":{"line":93,"column":19}},"type":"binary-expr","locations":[{"start":{"line":93,"column":12},"end":{"line":93,"column":19}},{"start":{"line":93,"column":23},"end":{"line":93,"column":47}}]}},"s":{"0":4,"1":4,"2":4,"3":4,"4":4,"5":31,"6":4,"7":27,"8":27,"9":27,"10":27,"11":27,"12":34,"13":34,"14":26,"15":34,"16":18,"17":18,"18":18,"19":16,"20":27,"21":1,"22":26,"23":26,"24":26,"25":26,"26":11,"27":4,"28":7,"29":7,"30":7,"31":7,"32":7,"33":4,"34":3,"35":3,"36":7,"37":7,"38":6,"39":1,"40":5,"41":1,"42":4,"43":4,"44":4,"45":37,"46":37,"47":37,"48":37,"49":37,"50":1,"51":36,"52":26,"53":26,"54":4},"f":{"0":31,"1":11,"2":6,"3":37},"b":{"0":[4,27],"1":[31,28,27],"2":[27,10,19],"3":[34,0],"4":[26,8],"5":[18,16],"6":[1,26],"7":[4,7],"8":[7,4],"9":[4,3],"10":[1,5],"11":[1,4],"12":[37,17],"13":[37,0],"14":[1,36],"15":[26,10]}}
,"D:\\my-demo\\simple-state-management\\src\\dispatch.ts": {"path":"D:\\my-demo\\simple-state-management\\src\\dispatch.ts","statementMap":{"0":{"start":{"line":2,"column":0},"end":{"line":2,"column":39}},"1":{"start":{"line":3,"column":0},"end":{"line":3,"column":38}},"2":{"start":{"line":9,"column":35},"end":{"line":59,"column":5}},"3":{"start":{"line":13,"column":8},"end":{"line":15,"column":null}},"4":{"start":{"line":14,"column":12},"end":{"line":14,"column":66}},"5":{"start":{"line":16,"column":18},"end":{"line":16,"column":50}},"6":{"start":{"line":18,"column":30},"end":{"line":18,"column":50}},"7":{"start":{"line":20,"column":8},"end":{"line":24,"column":null}},"8":{"start":{"line":21,"column":12},"end":{"line":23,"column":14}},"9":{"start":{"line":26,"column":27},"end":{"line":26,"column":50}},"10":{"start":{"line":28,"column":8},"end":{"line":56,"column":null}},"11":{"start":{"line":29,"column":24},"end":{"line":29,"column":36}},"12":{"start":{"line":30,"column":12},"end":{"line":30,"column":39}},"13":{"start":{"line":31,"column":12},"end":{"line":42,"column":null}},"14":{"start":{"line":32,"column":16},"end":{"line":39,"column":19}},"15":{"start":{"line":33,"column":28},"end":{"line":33,"column":59}},"16":{"start":{"line":34,"column":20},"end":{"line":38,"column":null}},"17":{"start":{"line":35,"column":24},"end":{"line":35,"column":56}},"18":{"start":{"line":37,"column":24},"end":{"line":37,"column":34}},"19":{"start":{"line":41,"column":16},"end":{"line":41,"column":67}},"20":{"start":{"line":44,"column":12},"end":{"line":50,"column":null}},"21":{"start":{"line":45,"column":16},"end":{"line":45,"column":48}},"22":{"start":{"line":46,"column":19},"end":{"line":50,"column":null}},"23":{"start":{"line":47,"column":16},"end":{"line":49,"column":18}},"24":{"start":{"line":52,"column":12},"end":{"line":52,"column":33}},"25":{"start":{"line":54,"column":12},"end":{"line":54,"column":40}},"26":{"start":{"line":55,"column":12},"end":{"line":55,"column":43}},"27":{"start":{"line":58,"column":8},"end":{"line":58,"column":22}},"28":{"start":{"line":60,"column":4},"end":{"line":65,"column":null}},"29":{"start":{"line":61,"column":8},"end":{"line":63,"column":null}},"30":{"start":{"line":62,"column":12},"end":{"line":62,"column":71}},"31":{"start":{"line":64,"column":8},"end":{"line":64,"column":34}},"32":{"start":{"line":66,"column":4},"end":{"line":66,"column":20}},"33":{"start":{"line":70,"column":22},"end":{"line":70,"column":60}},"34":{"start":{"line":71,"column":4},"end":{"line":74,"column":null}},"35":{"start":{"line":71,"column":17},"end":{"line":71,"column":18}},"36":{"start":{"line":72,"column":25},"end":{"line":72,"column":37}},"37":{"start":{"line":73,"column":8},"end":{"line":73,"column":19}},"38":{"start":{"line":77,"column":0},"end":{"line":77,"column":30}}},"fnMap":{"0":{"name":"createDispatch","decl":{"start":{"line":4,"column":9},"end":{"line":4,"column":23}},"loc":{"start":{"line":7,"column":59},"end":{"line":67,"column":1}}},"1":{"name":"(anonymous_2)","decl":{"start":{"line":9,"column":35},"end":{"line":9,"column":null}},"loc":{"start":{"line":11,"column":26},"end":{"line":59,"column":5}}},"2":{"name":"(anonymous_3)","decl":{"start":{"line":32,"column":40},"end":{"line":32,"column":41}},"loc":{"start":{"line":32,"column":45},"end":{"line":39,"column":17}}},"3":{"name":"emitListeners","decl":{"start":{"line":69,"column":9},"end":{"line":69,"column":22}},"loc":{"start":{"line":69,"column":37},"end":{"line":75,"column":1}}}},"branchMap":{"0":{"loc":{"start":{"line":13,"column":8},"end":{"line":15,"column":null}},"type":"if","locations":[{"start":{"line":13,"column":8},"end":{"line":15,"column":null}},{"start":{"line":13,"column":8},"end":{"line":15,"column":null}}]},"1":{"loc":{"start":{"line":16,"column":18},"end":{"line":16,"column":26}},"type":"binary-expr","locations":[{"start":{"line":16,"column":18},"end":{"line":16,"column":26}},{"start":{"line":16,"column":30},"end":{"line":16,"column":50}}]},"2":{"loc":{"start":{"line":20,"column":8},"end":{"line":24,"column":null}},"type":"if","locations":[{"start":{"line":20,"column":8},"end":{"line":24,"column":null}},{"start":{"line":20,"column":8},"end":{"line":24,"column":null}}]},"3":{"loc":{"start":{"line":31,"column":12},"end":{"line":42,"column":null}},"type":"if","locations":[{"start":{"line":31,"column":12},"end":{"line":42,"column":null}},{"start":{"line":31,"column":12},"end":{"line":42,"column":null}}]},"4":{"loc":{"start":{"line":34,"column":20},"end":{"line":38,"column":null}},"type":"if","locations":[{"start":{"line":34,"column":20},"end":{"line":38,"column":null}},{"start":{"line":34,"column":20},"end":{"line":38,"column":null}}]},"5":{"loc":{"start":{"line":44,"column":12},"end":{"line":50,"column":null}},"type":"if","locations":[{"start":{"line":44,"column":12},"end":{"line":50,"column":null}},{"start":{"line":44,"column":12},"end":{"line":50,"column":null}}]},"6":{"loc":{"start":{"line":44,"column":16},"end":{"line":44,"column":44}},"type":"binary-expr","locations":[{"start":{"line":44,"column":16},"end":{"line":44,"column":44}},{"start":{"line":44,"column":48},"end":{"line":44,"column":68}}]},"7":{"loc":{"start":{"line":46,"column":19},"end":{"line":50,"column":null}},"type":"if","locations":[{"start":{"line":46,"column":19},"end":{"line":50,"column":null}},{"start":{"line":46,"column":19},"end":{"line":50,"column":null}}]},"8":{"loc":{"start":{"line":60,"column":4},"end":{"line":65,"column":null}},"type":"if","locations":[{"start":{"line":60,"column":4},"end":{"line":65,"column":null}},{"start":{"line":60,"column":4},"end":{"line":65,"column":null}}]},"9":{"loc":{"start":{"line":61,"column":8},"end":{"line":63,"column":null}},"type":"if","locations":[{"start":{"line":61,"column":8},"end":{"line":63,"column":null}},{"start":{"line":61,"column":8},"end":{"line":63,"column":null}}]},"10":{"loc":{"start":{"line":70,"column":22},"end":{"line":70,"column":54}},"type":"binary-expr","locations":[{"start":{"line":70,"column":22},"end":{"line":70,"column":54}},{"start":{"line":70,"column":58},"end":{"line":70,"column":60}}]}},"s":{"0":4,"1":4,"2":26,"3":33,"4":1,"5":32,"6":32,"7":32,"8":1,"9":31,"10":31,"11":31,"12":31,"13":31,"14":6,"15":6,"16":6,"17":4,"18":2,"19":25,"20":29,"21":28,"22":1,"23":1,"24":2,"25":31,"26":31,"27":29,"28":26,"29":2,"30":1,"31":1,"32":24,"33":31,"34":31,"35":31,"36":13,"37":13,"38":4},"f":{"0":26,"1":33,"2":6,"3":31},"b":{"0":[1,32],"1":[32,30],"2":[1,31],"3":[6,25],"4":[4,2],"5":[28,1],"6":[29,28],"7":[1,0],"8":[2,24],"9":[1,1],"10":[31,18]}}
,"D:\\my-demo\\simple-state-management\\src\\replaceReducer.ts": {"path":"D:\\my-demo\\simple-state-management\\src\\replaceReducer.ts","statementMap":{"0":{"start":{"line":2,"column":0},"end":{"line":2,"column":39}},"1":{"start":{"line":5,"column":4},"end":{"line":40,"column":6}},"2":{"start":{"line":10,"column":8},"end":{"line":12,"column":null}},"3":{"start":{"line":11,"column":12},"end":{"line":11,"column":74}},"4":{"start":{"line":13,"column":18},"end":{"line":13,"column":49}},"5":{"start":{"line":14,"column":23},"end":{"line":14,"column":43}},"6":{"start":{"line":15,"column":8},"end":{"line":17,"column":null}},"7":{"start":{"line":16,"column":12},"end":{"line":16,"column":57}},"8":{"start":{"line":18,"column":24},"end":{"line":18,"column":29}},"9":{"start":{"line":19,"column":8},"end":{"line":35,"column":null}},"10":{"start":{"line":20,"column":12},"end":{"line":23,"column":null}},"11":{"start":{"line":21,"column":16},"end":{"line":21,"column":33}},"12":{"start":{"line":22,"column":16},"end":{"line":22,"column":52}},"13":{"start":{"line":25,"column":22},"end":{"line":25,"column":37}},"14":{"start":{"line":26,"column":12},"end":{"line":33,"column":null}},"15":{"start":{"line":26,"column":25},"end":{"line":26,"column":26}},"16":{"start":{"line":27,"column":30},"end":{"line":27,"column":41}},"17":{"start":{"line":28,"column":16},"end":{"line":32,"column":null}},"18":{"start":{"line":29,"column":20},"end":{"line":29,"column":37}},"19":{"start":{"line":30,"column":20},"end":{"line":30,"column":57}},"20":{"start":{"line":31,"column":20},"end":{"line":31,"column":26}},"21":{"start":{"line":34,"column":12},"end":{"line":34,"column":43}},"22":{"start":{"line":37,"column":8},"end":{"line":39,"column":null}},"23":{"start":{"line":38,"column":12},"end":{"line":38,"column":72}},"24":{"start":{"line":4,"column":0},"end":{"line":4,"column":24}}},"fnMap":{"0":{"name":"replaceReducer","decl":{"start":{"line":4,"column":24},"end":{"line":4,"column":38}},"loc":{"start":{"line":4,"column":68},"end":{"line":41,"column":1}}},"1":{"name":"(anonymous_1)","decl":{"start":{"line":5,"column":11},"end":{"line":5,"column":null}},"loc":{"start":{"line":8,"column":20},"end":{"line":40,"column":5}}}},"branchMap":{"0":{"loc":{"start":{"line":10,"column":8},"end":{"line":12,"column":null}},"type":"if","locations":[{"start":{"line":10,"column":8},"end":{"line":12,"column":null}},{"start":{"line":10,"column":8},"end":{"line":12,"column":null}}]},"1":{"loc":{"start":{"line":13,"column":18},"end":{"line":13,"column":26}},"type":"binary-expr","locations":[{"start":{"line":13,"column":18},"end":{"line":13,"column":26}},{"start":{"line":13,"column":30},"end":{"line":13,"column":49}}]},"2":{"loc":{"start":{"line":15,"column":8},"end":{"line":17,"column":null}},"type":"if","locations":[{"start":{"line":15,"column":8},"end":{"line":17,"column":null}},{"start":{"line":15,"column":8},"end":{"line":17,"column":null}}]},"3":{"loc":{"start":{"line":19,"column":8},"end":{"line":35,"column":null}},"type":"if","locations":[{"start":{"line":19,"column":8},"end":{"line":35,"column":null}},{"start":{"line":19,"column":8},"end":{"line":35,"column":null}}]},"4":{"loc":{"start":{"line":20,"column":12},"end":{"line":23,"column":null}},"type":"if","locations":[{"start":{"line":20,"column":12},"end":{"line":23,"column":null}},{"start":{"line":20,"column":12},"end":{"line":23,"column":null}}]},"5":{"loc":{"start":{"line":28,"column":16},"end":{"line":32,"column":null}},"type":"if","locations":[{"start":{"line":28,"column":16},"end":{"line":32,"column":null}},{"start":{"line":28,"column":16},"end":{"line":32,"column":null}}]},"6":{"loc":{"start":{"line":37,"column":8},"end":{"line":39,"column":null}},"type":"if","locations":[{"start":{"line":37,"column":8},"end":{"line":39,"column":null}},{"start":{"line":37,"column":8},"end":{"line":39,"column":null}}]}},"s":{"0":4,"1":26,"2":6,"3":2,"4":4,"5":4,"6":4,"7":1,"8":3,"9":3,"10":1,"11":1,"12":1,"13":2,"14":2,"15":2,"16":2,"17":2,"18":1,"19":1,"20":1,"21":2,"22":3,"23":1,"24":4},"f":{"0":26,"1":6},"b":{"0":[2,4],"1":[4,2],"2":[1,3],"3":[1,2],"4":[1,0],"5":[1,1],"6":[1,2]}}
,"D:\\my-demo\\simple-state-management\\src\\proxy\\index.ts": {"path":"D:\\my-demo\\simple-state-management\\src\\proxy\\index.ts","statementMap":{"0":{"start":{"line":2,"column":16},"end":{"line":2,"column":20}},"1":{"start":{"line":3,"column":20},"end":{"line":21,"column":6}},"2":{"start":{"line":5,"column":24},"end":{"line":5,"column":58}},"3":{"start":{"line":6,"column":12},"end":{"line":8,"column":null}},"4":{"start":{"line":7,"column":16},"end":{"line":7,"column":49}},"5":{"start":{"line":9,"column":12},"end":{"line":9,"column":23}},"6":{"start":{"line":12,"column":12},"end":{"line":17,"column":null}},"7":{"start":{"line":13,"column":16},"end":{"line":16,"column":18}},"8":{"start":{"line":18,"column":24},"end":{"line":18,"column":65}},"9":{"start":{"line":19,"column":12},"end":{"line":19,"column":23}},"10":{"start":{"line":22,"column":4},"end":{"line":22,"column":37}},"11":{"start":{"line":24,"column":0},"end":{"line":24,"column":24}}},"fnMap":{"0":{"name":"setProxy","decl":{"start":{"line":1,"column":9},"end":{"line":1,"column":17}},"loc":{"start":{"line":1,"column":23},"end":{"line":23,"column":1}}},"1":{"name":"(anonymous_1)","decl":{"start":{"line":4,"column":13},"end":{"line":4,"column":23}},"loc":{"start":{"line":4,"column":59},"end":{"line":10,"column":9}}},"2":{"name":"(anonymous_2)","decl":{"start":{"line":11,"column":13},"end":{"line":11,"column":23}},"loc":{"start":{"line":11,"column":71},"end":{"line":20,"column":9}}}},"branchMap":{"0":{"loc":{"start":{"line":6,"column":12},"end":{"line":8,"column":null}},"type":"if","locations":[{"start":{"line":6,"column":12},"end":{"line":8,"column":null}},{"start":{"line":6,"column":12},"end":{"line":8,"column":null}}]},"1":{"loc":{"start":{"line":12,"column":12},"end":{"line":17,"column":null}},"type":"if","locations":[{"start":{"line":12,"column":12},"end":{"line":17,"column":null}},{"start":{"line":12,"column":12},"end":{"line":17,"column":null}}]}},"s":{"0":87,"1":87,"2":440,"3":440,"4":61,"5":379,"6":51,"7":1,"8":50,"9":50,"10":87,"11":4},"f":{"0":87,"1":440,"2":51},"b":{"0":[61,379],"1":[1,50]}}
,"D:\\my-demo\\simple-state-management\\src\\utils\\compose.ts": {"path":"D:\\my-demo\\simple-state-management\\src\\utils\\compose.ts","statementMap":{"0":{"start":{"line":1,"column":32},"end":{"line":1,"column":51}},"1":{"start":{"line":2,"column":4},"end":{"line":4,"column":null}},"2":{"start":{"line":3,"column":8},"end":{"line":3,"column":15}},"3":{"start":{"line":6,"column":4},"end":{"line":8,"column":null}},"4":{"start":{"line":7,"column":8},"end":{"line":7,"column":23}},"5":{"start":{"line":10,"column":4},"end":{"line":12,"column":7}},"6":{"start":{"line":11,"column":8},"end":{"line":11,"column":47}},"7":{"start":{"line":11,"column":16},"end":{"line":11,"column":28}},"8":{"start":{"line":11,"column":33},"end":{"line":11,"column":47}},"9":{"start":{"line":1,"column":0},"end":{"line":1,"column":24}}},"fnMap":{"0":{"name":"compose","decl":{"start":{"line":1,"column":24},"end":{"line":1,"column":31}},"loc":{"start":{"line":1,"column":31},"end":{"line":13,"column":1}}},"1":{"name":"(anonymous_1)","decl":{"start":{"line":10,"column":23},"end":{"line":10,"column":24}},"loc":{"start":{"line":10,"column":28},"end":{"line":12,"column":5}}},"2":{"name":"(anonymous_2)","decl":{"start":{"line":11,"column":15},"end":{"line":11,"column":16}},"loc":{"start":{"line":11,"column":15},"end":{"line":11,"column":34}}}},"branchMap":{"0":{"loc":{"start":{"line":2,"column":4},"end":{"line":4,"column":null}},"type":"if","locations":[{"start":{"line":2,"column":4},"end":{"line":4,"column":null}},{"start":{"line":2,"column":4},"end":{"line":4,"column":null}}]},"1":{"loc":{"start":{"line":6,"column":4},"end":{"line":8,"column":null}},"type":"if","locations":[{"start":{"line":6,"column":4},"end":{"line":8,"column":null}},{"start":{"line":6,"column":4},"end":{"line":8,"column":null}}]}},"s":{"0":12,"1":4,"2":1,"3":3,"4":2,"5":1,"6":1,"7":3,"8":1,"9":5},"f":{"0":4,"1":1,"2":1},"b":{"0":[1,3],"1":[2,1]}}
,"D:\\my-demo\\simple-state-management\\src\\utils\\index.ts": {"path":"D:\\my-demo\\simple-state-management\\src\\utils\\index.ts","statementMap":{"0":{"start":{"line":2,"column":4},"end":{"line":5,"column":6}},"1":{"start":{"line":1,"column":0},"end":{"line":1,"column":16}}},"fnMap":{"0":{"name":"isFunctionFn","decl":{"start":{"line":1,"column":16},"end":{"line":1,"column":28}},"loc":{"start":{"line":1,"column":31},"end":{"line":6,"column":1}}}},"branchMap":{"0":{"loc":{"start":{"line":3,"column":8},"end":{"line":3,"column":65}},"type":"binary-expr","locations":[{"start":{"line":3,"column":8},"end":{"line":3,"column":65}},{"start":{"line":4,"column":8},"end":{"line":4,"column":31}}]}},"s":{"0":72,"1":4},"f":{"0":72},"b":{"0":[72,61]}}
,"D:\\my-demo\\simple-state-management\\src\\utils\\warning.ts": {"path":"D:\\my-demo\\simple-state-management\\src\\utils\\warning.ts","statementMap":{"0":{"start":{"line":3,"column":4},"end":{"line":5,"column":null}},"1":{"start":{"line":4,"column":8},"end":{"line":4,"column":31}},"2":{"start":{"line":7,"column":4},"end":{"line":9,"column":18}},"3":{"start":{"line":8,"column":8},"end":{"line":8,"column":33}},"4":{"start":{"line":1,"column":0},"end":{"line":1,"column":24}}},"fnMap":{"0":{"name":"warning","decl":{"start":{"line":1,"column":24},"end":{"line":1,"column":31}},"loc":{"start":{"line":1,"column":47},"end":{"line":10,"column":1}}}},"branchMap":{"0":{"loc":{"start":{"line":3,"column":4},"end":{"line":5,"column":null}},"type":"if","locations":[{"start":{"line":3,"column":4},"end":{"line":5,"column":null}},{"start":{"line":3,"column":4},"end":{"line":5,"column":null}}]},"1":{"loc":{"start":{"line":3,"column":8},"end":{"line":3,"column":38}},"type":"binary-expr","locations":[{"start":{"line":3,"column":8},"end":{"line":3,"column":38}},{"start":{"line":3,"column":42},"end":{"line":3,"column":77}}]}},"s":{"0":9,"1":9,"2":9,"3":9,"4":5},"f":{"0":9},"b":{"0":[9,0],"1":[9,9]}}
}
