TN:
SF:index.ts
FN:12,(anonymous_1)
FNF:1
FNH:1
FNDA:8,(anonymous_1)
DA:1,2
DA:2,2
DA:3,2
DA:4,2
DA:5,2
DA:9,2
DA:10,2
DA:11,2
DA:12,10
LF:9
LH:9
BRDA:4,0,0,2
BRDA:4,0,1,0
BRF:2
BRH:1
end_of_record
TN:
SF:src\applyMiddleware.ts
FN:6,applyMiddleware
FN:7,(anonymous_2)
FN:26,(anonymous_3)
FNF:3
FNH:3
FNDA:1,applyMiddleware
FNDA:1,(anonymous_2)
FNDA:2,(anonymous_3)
DA:1,2
DA:3,2
DA:4,2
DA:6,2
DA:7,1
DA:8,1
DA:9,1
DA:10,1
DA:11,1
DA:13,1
DA:14,1
DA:15,1
DA:19,0
DA:26,1
DA:27,2
DA:28,2
DA:30,2
DA:31,2
DA:33,0
DA:35,1
LF:20
LH:18
BRDA:11,0,0,1
BRDA:11,0,1,0
BRDA:15,1,0,0
BRDA:15,1,1,1
BRDA:16,2,0,1
BRDA:16,2,1,1
BRDA:27,3,0,2
BRDA:27,3,1,2
BRDA:30,4,0,2
BRDA:30,4,1,0
BRF:10
BRH:7
end_of_record
TN:
SF:src\createReduce.ts
FN:5,createReducerFun
FN:15,createReducer
FN:51,setReducerMap
FNF:3
FNH:3
FNDA:14,createReducerFun
FNDA:17,createReducer
FNDA:17,setReducerMap
DA:1,2
DA:3,2
DA:5,2
DA:6,14
DA:26,17
DA:28,17
DA:29,2
DA:32,15
DA:33,9
DA:36,6
DA:37,4
DA:38,6
DA:39,6
DA:40,6
DA:41,6
DA:44,2
DA:47,2
DA:52,17
DA:53,17
DA:54,4
DA:60,13
DA:61,6
DA:62,6
DA:63,8
DA:64,8
DA:65,8
DA:66,8
DA:67,2
DA:73,8
DA:75,6
DA:77,13
DA:80,14
LF:32
LH:32
BRDA:28,0,0,2
BRDA:28,0,1,15
BRDA:32,1,0,9
BRDA:32,1,1,6
BRDA:36,2,0,4
BRDA:36,2,1,2
BRDA:36,3,0,6
BRDA:36,3,1,5
BRDA:38,4,0,6
BRDA:38,4,1,0
BRDA:53,5,0,4
BRDA:53,5,1,13
BRDA:60,6,0,6
BRDA:60,6,1,7
BRDA:64,7,0,8
BRDA:64,7,1,0
BRDA:66,8,0,2
BRDA:66,8,1,6
BRF:18
BRH:16
end_of_record
TN:
SF:src\createStore.ts
FN:17,createStore
FN:54,subscribe
FN:70,unsubscribe
FN:85,getStateCut
FNF:4
FNH:4
FNDA:20,createStore
FNDA:10,subscribe
FNDA:4,unsubscribe
FNDA:29,getStateCut
DA:1,2
DA:2,2
DA:3,2
DA:4,2
DA:6,2
DA:8,2
DA:12,2
DA:17,2
DA:24,20
DA:25,1
DA:27,19
DA:28,4
DA:31,15
DA:32,15
DA:33,15
DA:34,15
DA:35,15
DA:36,14
DA:37,14
DA:38,14
DA:40,14
DA:41,14
DA:42,14
DA:43,14
DA:45,0
DA:48,15
DA:49,1
DA:51,14
DA:52,14
DA:53,14
DA:55,10
DA:56,4
DA:58,6
DA:59,6
DA:60,6
DA:61,6
DA:63,6
DA:64,5
DA:66,1
DA:67,1
DA:70,6
DA:71,4
DA:72,0
DA:74,4
DA:75,0
DA:79,4
DA:80,4
DA:81,4
DA:86,29
DA:87,29
DA:88,29
DA:89,29
DA:91,29
DA:92,0
DA:95,29
DA:97,14
DA:98,14
LF:57
LH:53
BRDA:24,0,0,1
BRDA:24,0,1,19
BRDA:27,1,0,4
BRDA:27,1,1,15
BRDA:27,2,0,19
BRDA:27,2,1,16
BRDA:27,2,2,15
BRDA:33,3,0,15
BRDA:33,3,1,1
BRDA:33,3,2,15
BRDA:36,4,0,14
BRDA:36,4,1,0
BRDA:37,5,0,14
BRDA:37,5,1,0
BRDA:40,6,0,14
BRDA:40,6,1,0
BRDA:48,7,0,1
BRDA:48,7,1,14
BRDA:55,8,0,4
BRDA:55,8,1,6
BRDA:59,9,0,6
BRDA:59,9,1,3
BRDA:63,10,0,5
BRDA:63,10,1,1
BRDA:71,11,0,0
BRDA:71,11,1,4
BRDA:74,12,0,0
BRDA:74,12,1,4
BRDA:86,13,0,29
BRDA:86,13,1,14
BRDA:88,14,0,29
BRDA:88,14,1,0
BRDA:91,15,0,0
BRDA:91,15,1,29
BRDA:103,16,0,14
BRDA:103,16,1,1
BRF:36
BRH:29
end_of_record
TN:
SF:src\dispatch.ts
FN:5,createDispatch
FN:9,(anonymous_2)
FN:28,(anonymous_3)
FN:66,emitListeners
FNF:4
FNH:4
FNDA:14,createDispatch
FNDA:25,(anonymous_2)
FNDA:7,(anonymous_3)
FNDA:25,emitListeners
DA:1,2
DA:3,2
DA:4,2
DA:9,14
DA:10,25
DA:11,0
DA:13,25
DA:14,25
DA:16,25
DA:17,0
DA:22,25
DA:24,25
DA:25,25
DA:26,25
DA:27,25
DA:28,5
DA:29,7
DA:30,7
DA:31,4
DA:33,3
DA:37,20
DA:40,25
DA:41,25
DA:42,0
DA:43,0
DA:48,25
DA:50,0
DA:52,25
DA:55,25
DA:57,14
DA:58,1
DA:59,0
DA:61,1
DA:63,13
DA:67,25
DA:68,25
DA:69,18
DA:70,18
DA:74,2
LF:39
LH:33
BRDA:10,0,0,0
BRDA:10,0,1,25
BRDA:13,1,0,25
BRDA:13,1,1,22
BRDA:16,2,0,0
BRDA:16,2,1,25
BRDA:27,3,0,5
BRDA:27,3,1,20
BRDA:30,4,0,4
BRDA:30,4,1,3
BRDA:40,5,0,25
BRDA:40,5,1,0
BRDA:40,6,0,25
BRDA:40,6,1,25
BRDA:42,7,0,0
BRDA:42,7,1,0
BRDA:57,8,0,1
BRDA:57,8,1,13
BRDA:58,9,0,0
BRDA:58,9,1,1
BRDA:67,10,0,25
BRDA:67,10,1,13
BRF:22
BRH:16
end_of_record
TN:
SF:src\replaceReducer.ts
FN:5,replaceReducer
FN:8,(anonymous_1)
FNF:2
FNH:2
FNDA:14,replaceReducer
FNDA:2,(anonymous_1)
DA:1,2
DA:3,2
DA:5,2
DA:8,14
DA:13,2
DA:14,1
DA:16,1
DA:17,1
DA:18,1
DA:19,0
DA:21,1
DA:22,1
DA:23,1
DA:24,1
DA:25,1
DA:28,0
DA:29,0
DA:30,0
DA:31,0
DA:32,0
DA:33,0
DA:34,0
DA:37,0
DA:40,1
DA:41,0
LF:25
LH:15
BRDA:13,0,0,1
BRDA:13,0,1,1
BRDA:16,1,0,1
BRDA:16,1,1,1
BRDA:18,2,0,0
BRDA:18,2,1,1
BRDA:22,3,0,1
BRDA:22,3,1,0
BRDA:23,4,0,1
BRDA:23,4,1,0
BRDA:31,5,0,0
BRDA:31,5,1,0
BRDA:40,6,0,0
BRDA:40,6,1,1
BRF:14
BRH:8
end_of_record
TN:
SF:src\proxy\index.ts
FN:3,setProxy
FN:5,(anonymous_1)
FN:12,(anonymous_2)
FNF:3
FNH:3
FNDA:64,setProxy
FNDA:461,(anonymous_1)
FNDA:62,(anonymous_2)
DA:1,2
DA:4,64
DA:6,461
DA:7,461
DA:8,50
DA:10,411
DA:13,62
DA:14,0
DA:19,62
DA:20,62
DA:23,64
DA:25,2
LF:12
LH:11
BRDA:7,0,0,50
BRDA:7,0,1,411
BRDA:13,1,0,0
BRDA:13,1,1,62
BRF:4
BRH:3
end_of_record
TN:
SF:src\utils\compose.ts
FN:1,compose
FN:10,(anonymous_1)
FN:11,(anonymous_2)
FNF:3
FNH:3
FNDA:1,compose
FNDA:1,(anonymous_1)
FNDA:2,(anonymous_2)
DA:1,4
DA:2,1
DA:3,0
DA:6,1
DA:7,0
DA:10,1
DA:11,6
LF:7
LH:5
BRDA:2,0,0,0
BRDA:2,0,1,1
BRDA:6,1,0,0
BRDA:6,1,1,1
BRF:4
BRH:2
end_of_record
TN:
SF:src\utils\index.ts
FN:1,isFunctionFn
FNF:1
FNH:1
FNDA:52,isFunctionFn
DA:1,2
DA:2,52
LF:2
LH:2
BRDA:3,0,0,52
BRDA:3,0,1,45
BRF:2
BRH:2
end_of_record
TN:
SF:src\utils\warning.ts
FN:1,warning
FNF:1
FNH:1
FNDA:4,warning
DA:1,2
DA:3,4
DA:4,4
DA:7,4
DA:8,4
LF:5
LH:5
BRDA:3,0,0,4
BRDA:3,0,1,0
BRDA:3,1,0,4
BRDA:3,1,1,4
BRF:4
BRH:3
end_of_record
TN:
SF:test\helpers\actionCreators.ts
FN:9,addnum
FN:12,addnumReturnNewState
FN:15,unknownAction
FN:21,changeText
FN:24,changeNum
FNF:5
FNH:5
FNDA:4,addnum
FNDA:3,addnumReturnNewState
FNDA:12,unknownAction
FNDA:4,changeText
FNDA:2,changeNum
DA:1,2
DA:9,2
DA:10,4
DA:12,2
DA:13,3
DA:15,2
DA:16,12
DA:21,2
DA:22,4
DA:24,2
DA:25,2
LF:11
LH:11
BRF:0
BRH:0
end_of_record
TN:
SF:test\helpers\actionTypes.ts
FNF:0
FNH:0
DA:1,2
DA:2,2
DA:3,2
DA:4,2
DA:5,2
DA:6,2
LF:6
LH:6
BRF:0
BRH:0
end_of_record
TN:
SF:test\helpers\middleware.ts
FN:3,(anonymous_0)
FN:6,(anonymous_1)
FN:6,(anonymous_2)
FN:12,(anonymous_3)
FN:12,(anonymous_4)
FN:19,(anonymous_5)
FN:22,(anonymous_6)
FN:22,(anonymous_7)
FN:28,(anonymous_8)
FN:28,(anonymous_9)
FNF:10
FNH:5
FNDA:0,(anonymous_0)
FNDA:0,(anonymous_1)
FNDA:0,(anonymous_2)
FNDA:0,(anonymous_3)
FNDA:0,(anonymous_4)
FNDA:1,(anonymous_5)
FNDA:2,(anonymous_6)
FNDA:2,(anonymous_7)
FNDA:2,(anonymous_8)
FNDA:1,(anonymous_9)
DA:1,1
DA:3,1
DA:4,0
DA:6,0
DA:7,0
DA:8,0
DA:10,0
DA:12,0
DA:13,0
DA:19,1
DA:20,1
DA:22,2
DA:23,2
DA:24,1
DA:26,1
DA:28,2
DA:29,1
LF:17
LH:10
BRDA:7,0,0,0
BRDA:7,0,1,0
BRDA:23,1,0,1
BRDA:23,1,1,1
BRF:4
BRH:2
end_of_record
TN:
SF:test\helpers\morecreatestore.ts
FN:3,moreCreateStore
FNF:1
FNH:1
FNDA:12,moreCreateStore
DA:1,2
DA:3,2
DA:4,2
LF:3
LH:3
BRF:0
BRH:0
end_of_record
TN:
SF:test\helpers\reducers.ts
FN:13,todosReverse
FN:24,replaceTodosReverse
FN:39,createReducerTest
FN:56,createReducerTestNumber
FNF:4
FNH:4
FNDA:17,todosReverse
FNDA:2,replaceTodosReverse
FNDA:5,createReducerTest
FNDA:3,createReducerTestNumber
DA:1,2
DA:13,2
DA:14,17
DA:16,3
DA:17,3
DA:19,2
DA:21,12
DA:24,2
DA:25,2
DA:27,1
DA:28,1
DA:30,1
DA:32,0
DA:39,2
DA:43,5
DA:44,5
DA:46,5
DA:47,5
DA:49,0
DA:56,2
DA:60,3
DA:61,3
DA:63,3
DA:64,3
DA:66,0
LF:25
LH:22
BRDA:15,0,0,3
BRDA:15,0,1,2
BRDA:15,0,2,12
BRDA:26,1,0,1
BRDA:26,1,1,1
BRDA:26,1,2,0
BRDA:45,2,0,5
BRDA:45,2,1,0
BRDA:62,3,0,3
BRDA:62,3,1,0
BRF:10
BRH:7
end_of_record
TN:
SF:test\helpers\store.ts
FNF:0
FNH:0
DA:1,2
DA:2,2
DA:3,2
DA:4,2
DA:8,2
LF:5
LH:5
BRF:0
BRH:0
end_of_record
