TN:
SF:src\applyMiddleware.ts
FN:5,applyMiddleware
FN:6,(anonymous_2)
FN:28,(anonymous_3)
FNF:3
FNH:3
FNDA:4,applyMiddleware
FNDA:4,(anonymous_2)
FNDA:4,(anonymous_3)
DA:2,5
DA:3,5
DA:5,5
DA:6,4
DA:7,4
DA:8,4
DA:9,4
DA:10,4
DA:12,4
DA:13,4
DA:14,2
DA:16,4
DA:17,4
DA:21,3
DA:28,4
DA:29,4
DA:30,3
DA:31,3
DA:32,1
DA:35,3
DA:37,4
LF:21
LH:21
BRDA:10,0,0,4
BRDA:10,0,1,0
BRDA:13,1,0,2
BRDA:13,1,1,2
BRDA:17,2,0,3
BRDA:17,2,1,1
BRDA:18,3,0,4
BRDA:18,3,1,4
BRDA:29,4,0,3
BRDA:29,4,1,1
BRDA:31,5,0,1
BRDA:31,5,1,2
BRDA:31,6,0,3
BRDA:31,6,1,2
BRF:14
BRH:13
end_of_record
TN:
SF:src\createReduce.ts
FN:4,createReducerFun
FN:14,createReducer
FN:44,setReducerMap
FNF:3
FNH:3
FNDA:27,createReducerFun
FNDA:26,createReducer
FNDA:26,setReducerMap
DA:2,4
DA:4,4
DA:5,27
DA:19,26
DA:21,26
DA:22,4
DA:25,22
DA:26,16
DA:29,6
DA:30,4
DA:31,6
DA:32,6
DA:33,6
DA:34,6
DA:37,3
DA:40,2
DA:45,26
DA:46,26
DA:47,4
DA:53,22
DA:54,9
DA:55,9
DA:56,10
DA:57,10
DA:58,10
DA:59,10
DA:60,1
DA:66,10
DA:68,9
DA:70,22
DA:73,27
LF:31
LH:31
BRDA:21,0,0,4
BRDA:21,0,1,22
BRDA:21,1,0,26
BRDA:21,1,1,4
BRDA:25,2,0,16
BRDA:25,2,1,6
BRDA:25,3,0,22
BRDA:25,3,1,6
BRDA:29,4,0,4
BRDA:29,4,1,2
BRDA:29,5,0,6
BRDA:29,5,1,5
BRDA:31,6,0,6
BRDA:31,6,1,0
BRDA:46,7,0,4
BRDA:46,7,1,22
BRDA:53,8,0,9
BRDA:53,8,1,13
BRDA:57,9,0,10
BRDA:57,9,1,0
BRDA:59,10,0,1
BRDA:59,10,1,9
BRF:22
BRH:20
end_of_record
TN:
SF:src\createStore.ts
FN:8,createStore
FN:43,subscribe
FN:59,unsubscribe
FN:74,getStateCut
FNF:4
FNH:4
FNDA:31,createStore
FNDA:11,subscribe
FNDA:6,unsubscribe
FNDA:37,getStateCut
DA:1,4
DA:2,4
DA:3,4
DA:4,4
DA:6,4
DA:8,4
DA:15,31
DA:16,4
DA:19,27
DA:20,27
DA:21,27
DA:22,27
DA:23,27
DA:24,34
DA:25,34
DA:26,26
DA:28,34
DA:29,18
DA:30,18
DA:31,18
DA:33,16
DA:36,27
DA:37,1
DA:39,26
DA:40,26
DA:41,26
DA:42,26
DA:44,11
DA:45,4
DA:47,7
DA:48,7
DA:49,7
DA:50,7
DA:52,7
DA:53,4
DA:55,3
DA:56,3
DA:58,7
DA:59,7
DA:60,6
DA:61,1
DA:63,5
DA:64,1
DA:68,4
DA:69,4
DA:70,4
DA:75,37
DA:76,37
DA:77,37
DA:78,37
DA:80,37
DA:81,1
DA:84,36
DA:86,26
DA:87,26
LF:55
LH:55
BRDA:15,0,0,4
BRDA:15,0,1,27
BRDA:15,1,0,31
BRDA:15,1,1,28
BRDA:15,1,2,27
BRDA:21,2,0,27
BRDA:21,2,1,10
BRDA:21,2,2,19
BRDA:24,3,0,34
BRDA:24,3,1,0
BRDA:25,4,0,26
BRDA:25,4,1,8
BRDA:28,5,0,18
BRDA:28,5,1,16
BRDA:36,6,0,1
BRDA:36,6,1,26
BRDA:44,7,0,4
BRDA:44,7,1,7
BRDA:48,8,0,7
BRDA:48,8,1,4
BRDA:52,9,0,4
BRDA:52,9,1,3
BRDA:60,10,0,1
BRDA:60,10,1,5
BRDA:63,11,0,1
BRDA:63,11,1,4
BRDA:75,12,0,37
BRDA:75,12,1,17
BRDA:77,13,0,37
BRDA:77,13,1,0
BRDA:80,14,0,1
BRDA:80,14,1,36
BRDA:93,15,0,26
BRDA:93,15,1,10
BRF:34
BRH:32
end_of_record
TN:
SF:src\dispatch.ts
FN:4,createDispatch
FN:9,(anonymous_2)
FN:32,(anonymous_3)
FN:69,emitListeners
FNF:4
FNH:4
FNDA:26,createDispatch
FNDA:33,(anonymous_2)
FNDA:6,(anonymous_3)
FNDA:31,emitListeners
DA:2,4
DA:3,4
DA:9,26
DA:13,33
DA:14,1
DA:16,32
DA:18,32
DA:20,32
DA:21,1
DA:26,31
DA:28,31
DA:29,31
DA:30,31
DA:31,31
DA:32,6
DA:33,6
DA:34,6
DA:35,4
DA:37,2
DA:41,25
DA:44,29
DA:45,28
DA:46,1
DA:47,1
DA:52,2
DA:54,31
DA:55,31
DA:58,29
DA:60,26
DA:61,2
DA:62,1
DA:64,1
DA:66,24
DA:70,31
DA:71,31
DA:72,13
DA:73,13
DA:77,4
LF:38
LH:38
BRDA:13,0,0,1
BRDA:13,0,1,32
BRDA:16,1,0,32
BRDA:16,1,1,30
BRDA:20,2,0,1
BRDA:20,2,1,31
BRDA:31,3,0,6
BRDA:31,3,1,25
BRDA:34,4,0,4
BRDA:34,4,1,2
BRDA:44,5,0,28
BRDA:44,5,1,1
BRDA:44,6,0,29
BRDA:44,6,1,28
BRDA:46,7,0,1
BRDA:46,7,1,0
BRDA:60,8,0,2
BRDA:60,8,1,24
BRDA:61,9,0,1
BRDA:61,9,1,1
BRDA:70,10,0,31
BRDA:70,10,1,18
BRF:22
BRH:21
end_of_record
TN:
SF:src\replaceReducer.ts
FN:4,replaceReducer
FN:5,(anonymous_1)
FNF:2
FNH:2
FNDA:26,replaceReducer
FNDA:6,(anonymous_1)
DA:2,4
DA:4,4
DA:5,26
DA:10,6
DA:11,2
DA:13,4
DA:14,4
DA:15,4
DA:16,1
DA:18,3
DA:19,3
DA:20,1
DA:21,1
DA:22,1
DA:25,2
DA:26,2
DA:27,2
DA:28,2
DA:29,1
DA:30,1
DA:31,1
DA:34,2
DA:37,3
DA:38,1
LF:24
LH:24
BRDA:10,0,0,2
BRDA:10,0,1,4
BRDA:13,1,0,4
BRDA:13,1,1,2
BRDA:15,2,0,1
BRDA:15,2,1,3
BRDA:19,3,0,1
BRDA:19,3,1,2
BRDA:20,4,0,1
BRDA:20,4,1,0
BRDA:28,5,0,1
BRDA:28,5,1,1
BRDA:37,6,0,1
BRDA:37,6,1,2
BRF:14
BRH:13
end_of_record
TN:
SF:src\proxy\index.ts
FN:1,setProxy
FN:4,(anonymous_1)
FN:11,(anonymous_2)
FNF:3
FNH:3
FNDA:87,setProxy
FNDA:440,(anonymous_1)
FNDA:51,(anonymous_2)
DA:2,87
DA:3,87
DA:5,440
DA:6,440
DA:7,61
DA:9,379
DA:12,51
DA:13,1
DA:18,50
DA:19,50
DA:22,87
DA:24,4
LF:12
LH:12
BRDA:6,0,0,61
BRDA:6,0,1,379
BRDA:12,1,0,1
BRDA:12,1,1,50
BRF:4
BRH:4
end_of_record
TN:
SF:src\utils\compose.ts
FN:1,compose
FN:10,(anonymous_1)
FN:11,(anonymous_2)
FNF:3
FNH:3
FNDA:4,compose
FNDA:1,(anonymous_1)
FNDA:1,(anonymous_2)
DA:1,12
DA:2,4
DA:3,1
DA:6,3
DA:7,2
DA:10,1
DA:11,3
LF:7
LH:7
BRDA:2,0,0,1
BRDA:2,0,1,3
BRDA:6,1,0,2
BRDA:6,1,1,1
BRF:4
BRH:4
end_of_record
TN:
SF:src\utils\index.ts
FN:1,isFunctionFn
FNF:1
FNH:1
FNDA:72,isFunctionFn
DA:1,4
DA:2,72
LF:2
LH:2
BRDA:3,0,0,72
BRDA:3,0,1,61
BRF:2
BRH:2
end_of_record
TN:
SF:src\utils\warning.ts
FN:1,warning
FNF:1
FNH:1
FNDA:9,warning
DA:1,5
DA:3,9
DA:4,9
DA:7,9
DA:8,9
LF:5
LH:5
BRDA:3,0,0,9
BRDA:3,0,1,0
BRDA:3,1,0,9
BRDA:3,1,1,9
BRF:4
BRH:3
end_of_record
